2018-10-13 01:21:56,362 [DEBUG|FireBrigade/1962675462|TestBuildingDetector] Time:1
2018-10-13 01:21:56,362 [DEBUG|FireBrigade/1962675462|TestSearchForFire] Time:1
2018-10-13 01:21:56,362 [DEBUG|FireBrigade/1962675462|TestSearchForFire] unsearchedBuildingIDs:[956, 957, 958]
2018-10-13 01:21:56,363 [DEBUG|FireBrigade/1962675462|TestSearchForFire] best path is:[280, 262, 974, 975, 976, 928, 957]
2018-10-13 01:21:56,363 [DEBUG|FireBrigade/1962675462|TestSearchForFire] choosed:976
2018-10-13 01:21:57,763 [DEBUG|FireBrigade/1962675462|TestBuildingDetector] Time:2
2018-10-13 01:21:57,765 [DEBUG|FireBrigade/1962675462|TestSearchForFire] Time:2
2018-10-13 01:21:57,765 [DEBUG|FireBrigade/1962675462|TestSearchForFire] unsearchedBuildingIDs:[956, 957, 958]
2018-10-13 01:21:57,765 [DEBUG|FireBrigade/1962675462|TestSearchForFire] best path is:[280, 262, 974, 975, 976, 928, 957]
2018-10-13 01:21:57,765 [DEBUG|FireBrigade/1962675462|TestSearchForFire] choosed:976
2018-10-13 01:21:58,891 [DEBUG|FireBrigade/1962675462|TestBuildingDetector] Time:3
2018-10-13 01:21:58,891 [DEBUG|FireBrigade/1962675462|TestSearchForFire] Time:3
2018-10-13 01:21:58,892 [DEBUG|FireBrigade/1962675462|TestSearchForFire] unsearchedBuildingIDs:[956, 957, 958]
2018-10-13 01:21:58,892 [DEBUG|FireBrigade/1962675462|TestSearchForFire] best path is:[280, 262, 974, 975, 976, 928, 957]
2018-10-13 01:21:58,892 [DEBUG|FireBrigade/1962675462|TestSearchForFire] choosed:976
2018-10-13 01:22:00,070 [DEBUG|FireBrigade/1962675462|TestBuildingDetector] Time:4
2018-10-13 01:22:00,071 [DEBUG|FireBrigade/1962675462|TestSearchForFire] Time:4
2018-10-13 01:22:00,072 [DEBUG|FireBrigade/1962675462|TestSearchForFire] unsearchedBuildingIDs:[956, 957, 958]
2018-10-13 01:22:00,072 [DEBUG|FireBrigade/1962675462|TestSearchForFire] best path is:[280, 262, 974, 975, 976, 928, 957]
2018-10-13 01:22:00,072 [DEBUG|FireBrigade/1962675462|TestSearchForFire] choosed:976
2018-10-13 01:22:01,271 [DEBUG|FireBrigade/1962675462|TestBuildingDetector] Time:5
2018-10-13 01:22:01,272 [DEBUG|FireBrigade/1962675462|TestSearchForFire] Time:5
2018-10-13 01:22:01,272 [DEBUG|FireBrigade/1962675462|TestSearchForFire] unsearchedBuildingIDs:[956, 957, 958]
2018-10-13 01:22:01,272 [DEBUG|FireBrigade/1962675462|TestSearchForFire] best path is:[280, 262, 974, 975, 976, 928, 957]
2018-10-13 01:22:01,272 [DEBUG|FireBrigade/1962675462|TestSearchForFire] choosed:976
2018-10-13 01:22:02,443 [DEBUG|FireBrigade/1962675462|TestBuildingDetector] Time:6
2018-10-13 01:22:02,443 [DEBUG|FireBrigade/1962675462|TestSearchForFire] Time:6
2018-10-13 01:22:02,444 [DEBUG|FireBrigade/1962675462|TestBuildingDetector] ====================================================================
2018-10-13 01:22:02,444 [DEBUG|FireBrigade/1962675462|TestBuildingDetector] Fire Building: [Building (905)]
2018-10-13 01:22:02,444 [DEBUG|FireBrigade/1962675462|TestBuildingDetector] Cluster Fire Building: []
2018-10-13 01:22:02,444 [DEBUG|FireBrigade/1962675462|TestBuildingDetector] My cluster ok, but I am near a fire !
2018-10-13 01:22:02,444 [DEBUG|FireBrigade/1962675462|TestBuildingDetector] They need some people!
2018-10-13 01:22:02,444 [DEBUG|FireBrigade/1962675462|TestBuildingDetector] One people has been doing this.
2018-10-13 01:22:02,445 [DEBUG|FireBrigade/1962675462|TestSearchForFire] unsearchedBuildingIDs:[956, 957, 958]
2018-10-13 01:22:02,445 [DEBUG|FireBrigade/1962675462|TestSearchForFire] best path is:[280, 262, 974, 975, 976, 928, 957]
2018-10-13 01:22:02,445 [DEBUG|FireBrigade/1962675462|TestSearchForFire] choosed:976
2018-10-13 01:22:03,575 [DEBUG|FireBrigade/1962675462|TestBuildingDetector] Time:7
2018-10-13 01:22:03,576 [DEBUG|FireBrigade/1962675462|TestSearchForFire] Time:7
2018-10-13 01:22:03,576 [DEBUG|FireBrigade/1962675462|TestBuildingDetector] ====================================================================
2018-10-13 01:22:03,576 [DEBUG|FireBrigade/1962675462|TestBuildingDetector] Fire Building: [Building (905), Building (958)]
2018-10-13 01:22:03,576 [DEBUG|FireBrigade/1962675462|TestBuildingDetector] Cluster Fire Building: []
2018-10-13 01:22:03,579 [DEBUG|FireBrigade/1962675462|TestBuildingDetector] My cluster ok, but I am near a fire !
2018-10-13 01:22:03,579 [DEBUG|FireBrigade/1962675462|TestBuildingDetector] They need some people!
2018-10-13 01:22:03,579 [DEBUG|FireBrigade/1962675462|TestBuildingDetector] One people has been doing this.
2018-10-13 01:22:03,580 [DEBUG|FireBrigade/1962675462|TestBuildingDetector] My cluster ok, but I am near a fire !
2018-10-13 01:22:03,580 [DEBUG|FireBrigade/1962675462|TestBuildingDetector] They need some people!
2018-10-13 01:22:04,795 [DEBUG|FireBrigade/1962675462|TestBuildingDetector] Time:8
2018-10-13 01:22:04,797 [DEBUG|FireBrigade/1962675462|TestSearchForFire] Time:8
2018-10-13 01:22:04,797 [DEBUG|FireBrigade/1962675462|TestBuildingDetector] I has been allocated!
2018-10-13 01:22:06,157 [DEBUG|FireBrigade/1962675462|TestBuildingDetector] Time:9
2018-10-13 01:22:06,157 [DEBUG|FireBrigade/1962675462|TestSearchForFire] Time:9
2018-10-13 01:22:06,160 [DEBUG|FireBrigade/1962675462|TestBuildingDetector] I has been allocated!
2018-10-13 01:22:07,252 [DEBUG|FireBrigade/1962675462|TestBuildingDetector] Time:10
2018-10-13 01:22:07,252 [DEBUG|FireBrigade/1962675462|TestSearchForFire] Time:10
2018-10-13 01:22:07,253 [DEBUG|FireBrigade/1962675462|TestBuildingDetector] I has been allocated!
2018-10-13 01:22:08,526 [DEBUG|FireBrigade/1962675462|TestBuildingDetector] Time:11
2018-10-13 01:22:08,526 [DEBUG|FireBrigade/1962675462|TestSearchForFire] Time:11
2018-10-13 01:22:08,527 [DEBUG|FireBrigade/1962675462|TestBuildingDetector] I has been allocated!
2018-10-13 01:22:09,682 [DEBUG|FireBrigade/1962675462|TestBuildingDetector] Time:12
2018-10-13 01:22:09,684 [DEBUG|FireBrigade/1962675462|TestSearchForFire] Time:12
2018-10-13 01:22:09,685 [DEBUG|FireBrigade/1962675462|TestBuildingDetector] I has been allocated!
2018-10-13 01:22:10,870 [DEBUG|FireBrigade/1962675462|TestBuildingDetector] Time:13
2018-10-13 01:22:10,870 [DEBUG|FireBrigade/1962675462|TestSearchForFire] Time:13
2018-10-13 01:22:10,870 [DEBUG|FireBrigade/1962675462|TestBuildingDetector] I has been allocated!
2018-10-13 01:22:12,046 [DEBUG|FireBrigade/1962675462|TestBuildingDetector] Time:14
2018-10-13 01:22:12,049 [DEBUG|FireBrigade/1962675462|TestSearchForFire] Time:14
2018-10-13 01:22:12,049 [DEBUG|FireBrigade/1962675462|TestBuildingDetector] I has been allocated!
2018-10-13 01:22:13,226 [DEBUG|FireBrigade/1962675462|TestBuildingDetector] Time:15
2018-10-13 01:22:13,226 [DEBUG|FireBrigade/1962675462|TestSearchForFire] Time:15
2018-10-13 01:22:13,226 [DEBUG|FireBrigade/1962675462|TestBuildingDetector] I has been allocated!
2018-10-13 01:22:14,454 [DEBUG|FireBrigade/1962675462|TestBuildingDetector] Time:16
2018-10-13 01:22:14,455 [DEBUG|FireBrigade/1962675462|TestSearchForFire] Time:16
2018-10-13 01:22:14,456 [DEBUG|FireBrigade/1962675462|TestBuildingDetector] I has been allocated!
2018-10-13 01:22:15,550 [DEBUG|FireBrigade/1962675462|TestBuildingDetector] Time:17
2018-10-13 01:22:15,551 [DEBUG|FireBrigade/1962675462|TestSearchForFire] Time:17
2018-10-13 01:22:15,551 [DEBUG|FireBrigade/1962675462|TestBuildingDetector] I has been allocated!
2018-10-13 01:22:16,815 [DEBUG|FireBrigade/1962675462|TestBuildingDetector] Time:18
2018-10-13 01:22:16,817 [DEBUG|FireBrigade/1962675462|TestSearchForFire] Time:18
2018-10-13 01:22:16,818 [DEBUG|FireBrigade/1962675462|TestBuildingDetector] I has been allocated!
2018-10-13 01:22:18,078 [DEBUG|FireBrigade/1962675462|TestBuildingDetector] Time:19
2018-10-13 01:22:18,079 [DEBUG|FireBrigade/1962675462|TestSearchForFire] Time:19
2018-10-13 01:22:18,079 [DEBUG|FireBrigade/1962675462|TestBuildingDetector] I has been allocated!
2018-10-13 01:22:19,190 [DEBUG|FireBrigade/1962675462|TestBuildingDetector] Time:20
2018-10-13 01:22:19,191 [DEBUG|FireBrigade/1962675462|TestSearchForFire] Time:20
2018-10-13 01:22:19,191 [DEBUG|FireBrigade/1962675462|TestBuildingDetector] I has been allocated!
2018-10-13 01:22:20,328 [DEBUG|FireBrigade/1962675462|TestBuildingDetector] Time:21
2018-10-13 01:22:20,328 [DEBUG|FireBrigade/1962675462|TestSearchForFire] Time:21
2018-10-13 01:22:20,329 [DEBUG|FireBrigade/1962675462|TestBuildingDetector] I has been allocated!
2018-10-13 01:22:21,470 [DEBUG|FireBrigade/1962675462|TestBuildingDetector] Time:22
2018-10-13 01:22:21,470 [DEBUG|FireBrigade/1962675462|TestSearchForFire] Time:22
2018-10-13 01:22:21,470 [DEBUG|FireBrigade/1962675462|TestBuildingDetector] I has been allocated!
2018-10-13 01:22:22,614 [DEBUG|FireBrigade/1962675462|TestBuildingDetector] Time:23
2018-10-13 01:22:22,614 [DEBUG|FireBrigade/1962675462|TestSearchForFire] Time:23
2018-10-13 01:22:22,614 [DEBUG|FireBrigade/1962675462|TestBuildingDetector] I has been allocated!
2018-10-13 01:22:23,858 [DEBUG|FireBrigade/1962675462|TestBuildingDetector] Time:24
2018-10-13 01:22:23,858 [DEBUG|FireBrigade/1962675462|TestSearchForFire] Time:24
2018-10-13 01:22:23,858 [DEBUG|FireBrigade/1962675462|TestBuildingDetector] I has been allocated!
2018-10-13 01:22:25,286 [DEBUG|FireBrigade/1962675462|TestBuildingDetector] Time:25
2018-10-13 01:22:25,287 [DEBUG|FireBrigade/1962675462|TestSearchForFire] Time:25
2018-10-13 01:22:25,287 [DEBUG|FireBrigade/1962675462|TestBuildingDetector] I has been allocated!
2018-10-13 01:22:26,375 [DEBUG|FireBrigade/1962675462|TestBuildingDetector] Time:26
2018-10-13 01:22:26,376 [DEBUG|FireBrigade/1962675462|TestSearchForFire] Time:26
2018-10-13 01:22:26,376 [DEBUG|FireBrigade/1962675462|TestBuildingDetector] I has been allocated!
2018-10-13 01:22:27,539 [DEBUG|FireBrigade/1962675462|TestBuildingDetector] Time:27
2018-10-13 01:22:27,540 [DEBUG|FireBrigade/1962675462|TestSearchForFire] Time:27
2018-10-13 01:22:27,540 [DEBUG|FireBrigade/1962675462|TestBuildingDetector] I has been allocated!
2018-10-13 01:22:28,682 [DEBUG|FireBrigade/1962675462|TestBuildingDetector] Time:28
2018-10-13 01:22:28,682 [DEBUG|FireBrigade/1962675462|TestSearchForFire] Time:28
2018-10-13 01:22:28,682 [DEBUG|FireBrigade/1962675462|TestBuildingDetector] I has been allocated!
2018-10-13 01:22:29,806 [DEBUG|FireBrigade/1962675462|TestBuildingDetector] Time:29
2018-10-13 01:22:29,806 [DEBUG|FireBrigade/1962675462|TestSearchForFire] Time:29
2018-10-13 01:22:29,806 [DEBUG|FireBrigade/1962675462|TestBuildingDetector] I has been allocated!
2018-10-13 01:22:30,954 [DEBUG|FireBrigade/1962675462|TestBuildingDetector] Time:30
2018-10-13 01:22:30,954 [DEBUG|FireBrigade/1962675462|TestSearchForFire] Time:30
2018-10-13 01:22:30,955 [DEBUG|FireBrigade/1962675462|TestBuildingDetector] I has been allocated!
2018-10-13 01:22:32,087 [DEBUG|FireBrigade/1962675462|TestBuildingDetector] Time:31
2018-10-13 01:22:32,088 [DEBUG|FireBrigade/1962675462|TestSearchForFire] Time:31
2018-10-13 01:22:32,088 [DEBUG|FireBrigade/1962675462|TestBuildingDetector] I has been allocated!
2018-10-13 01:22:33,236 [DEBUG|FireBrigade/1962675462|TestBuildingDetector] Time:32
2018-10-13 01:22:33,237 [DEBUG|FireBrigade/1962675462|TestSearchForFire] Time:32
2018-10-13 01:22:33,237 [DEBUG|FireBrigade/1962675462|TestBuildingDetector] I has been allocated!
2018-10-13 01:22:34,438 [DEBUG|FireBrigade/1962675462|TestBuildingDetector] Time:33
2018-10-13 01:22:34,438 [DEBUG|FireBrigade/1962675462|TestSearchForFire] Time:33
2018-10-13 01:22:34,438 [DEBUG|FireBrigade/1962675462|TestBuildingDetector] I has been allocated!
2018-10-13 01:22:35,534 [DEBUG|FireBrigade/1962675462|TestBuildingDetector] Time:34
2018-10-13 01:22:35,534 [DEBUG|FireBrigade/1962675462|TestSearchForFire] Time:34
2018-10-13 01:22:35,534 [DEBUG|FireBrigade/1962675462|TestBuildingDetector] I has been allocated!
2018-10-13 01:22:36,676 [DEBUG|FireBrigade/1962675462|TestBuildingDetector] Time:35
2018-10-13 01:22:36,676 [DEBUG|FireBrigade/1962675462|TestSearchForFire] Time:35
2018-10-13 01:22:36,676 [DEBUG|FireBrigade/1962675462|TestBuildingDetector] I has been allocated!
2018-10-13 01:22:37,802 [DEBUG|FireBrigade/1962675462|TestBuildingDetector] Time:36
2018-10-13 01:22:37,802 [DEBUG|FireBrigade/1962675462|TestSearchForFire] Time:36
2018-10-13 01:22:37,802 [DEBUG|FireBrigade/1962675462|TestBuildingDetector] I has been allocated!
2018-10-13 01:22:38,978 [DEBUG|FireBrigade/1962675462|TestBuildingDetector] Time:37
2018-10-13 01:22:38,978 [DEBUG|FireBrigade/1962675462|TestSearchForFire] Time:37
2018-10-13 01:22:38,978 [DEBUG|FireBrigade/1962675462|TestBuildingDetector] I has been allocated!
2018-10-13 01:22:40,107 [DEBUG|FireBrigade/1962675462|TestBuildingDetector] Time:38
2018-10-13 01:22:40,107 [DEBUG|FireBrigade/1962675462|TestSearchForFire] Time:38
2018-10-13 01:22:40,107 [DEBUG|FireBrigade/1962675462|TestBuildingDetector] I has been allocated!
2018-10-13 01:22:41,203 [DEBUG|FireBrigade/1962675462|TestBuildingDetector] Time:39
2018-10-13 01:22:41,203 [DEBUG|FireBrigade/1962675462|TestSearchForFire] Time:39
2018-10-13 01:22:41,203 [DEBUG|FireBrigade/1962675462|TestBuildingDetector] I has been allocated!
2018-10-13 01:22:42,502 [DEBUG|FireBrigade/1962675462|TestBuildingDetector] Time:40
2018-10-13 01:22:42,503 [DEBUG|FireBrigade/1962675462|TestSearchForFire] Time:40
2018-10-13 01:22:42,503 [DEBUG|FireBrigade/1962675462|TestBuildingDetector] I has been allocated!
2018-10-13 01:22:43,582 [DEBUG|FireBrigade/1962675462|TestBuildingDetector] Time:41
2018-10-13 01:22:43,583 [DEBUG|FireBrigade/1962675462|TestSearchForFire] Time:41
2018-10-13 01:22:43,583 [DEBUG|FireBrigade/1962675462|TestBuildingDetector] I has been allocated!
2018-10-13 01:22:44,699 [DEBUG|FireBrigade/1962675462|TestBuildingDetector] Time:42
2018-10-13 01:22:44,699 [DEBUG|FireBrigade/1962675462|TestSearchForFire] Time:42
2018-10-13 01:22:44,699 [DEBUG|FireBrigade/1962675462|TestBuildingDetector] I has been allocated!
2018-10-13 01:22:45,818 [DEBUG|FireBrigade/1962675462|TestBuildingDetector] Time:43
2018-10-13 01:22:45,818 [DEBUG|FireBrigade/1962675462|TestSearchForFire] Time:43
2018-10-13 01:22:45,818 [DEBUG|FireBrigade/1962675462|TestBuildingDetector] I has been allocated!
2018-10-13 01:22:46,930 [DEBUG|FireBrigade/1962675462|TestBuildingDetector] Time:44
2018-10-13 01:22:46,931 [DEBUG|FireBrigade/1962675462|TestSearchForFire] Time:44
2018-10-13 01:22:46,931 [DEBUG|FireBrigade/1962675462|TestBuildingDetector] I has been allocated!
2018-10-13 01:22:48,038 [DEBUG|FireBrigade/1962675462|TestBuildingDetector] Time:45
2018-10-13 01:22:48,038 [DEBUG|FireBrigade/1962675462|TestSearchForFire] Time:45
2018-10-13 01:22:48,038 [DEBUG|FireBrigade/1962675462|TestBuildingDetector] I has been allocated!
2018-10-13 01:22:49,154 [DEBUG|FireBrigade/1962675462|TestBuildingDetector] Time:46
2018-10-13 01:22:49,154 [DEBUG|FireBrigade/1962675462|TestSearchForFire] Time:46
2018-10-13 01:22:49,154 [DEBUG|FireBrigade/1962675462|TestBuildingDetector] I has been allocated!
2018-10-13 01:22:50,270 [DEBUG|FireBrigade/1962675462|TestBuildingDetector] Time:47
2018-10-13 01:22:50,271 [DEBUG|FireBrigade/1962675462|TestSearchForFire] Time:47
2018-10-13 01:22:50,271 [DEBUG|FireBrigade/1962675462|TestBuildingDetector] I has been allocated!
2018-10-13 01:22:51,383 [DEBUG|FireBrigade/1962675462|TestBuildingDetector] Time:48
2018-10-13 01:22:51,383 [DEBUG|FireBrigade/1962675462|TestSearchForFire] Time:48
2018-10-13 01:22:51,383 [DEBUG|FireBrigade/1962675462|TestBuildingDetector] I has been allocated!
2018-10-13 01:22:52,499 [DEBUG|FireBrigade/1962675462|TestBuildingDetector] Time:49
2018-10-13 01:22:52,500 [DEBUG|FireBrigade/1962675462|TestSearchForFire] Time:49
2018-10-13 01:22:52,500 [DEBUG|FireBrigade/1962675462|TestBuildingDetector] I has been allocated!
2018-10-13 01:22:53,606 [DEBUG|FireBrigade/1962675462|TestBuildingDetector] Time:50
2018-10-13 01:22:53,606 [DEBUG|FireBrigade/1962675462|TestSearchForFire] Time:50
2018-10-13 01:22:53,606 [DEBUG|FireBrigade/1962675462|TestBuildingDetector] I has been allocated!
2018-10-13 01:22:54,708 [DEBUG|FireBrigade/1962675462|TestBuildingDetector] Time:51
2018-10-13 01:22:54,708 [DEBUG|FireBrigade/1962675462|TestSearchForFire] Time:51
2018-10-13 01:22:54,708 [DEBUG|FireBrigade/1962675462|TestBuildingDetector] I has been allocated!
2018-10-13 01:22:55,831 [DEBUG|FireBrigade/1962675462|TestBuildingDetector] Time:52
2018-10-13 01:22:55,831 [DEBUG|FireBrigade/1962675462|TestSearchForFire] Time:52
2018-10-13 01:22:55,831 [DEBUG|FireBrigade/1962675462|TestBuildingDetector] I has been allocated!
2018-10-13 01:22:57,034 [DEBUG|FireBrigade/1962675462|TestBuildingDetector] Time:53
2018-10-13 01:22:57,034 [DEBUG|FireBrigade/1962675462|TestSearchForFire] Time:53
2018-10-13 01:22:57,034 [DEBUG|FireBrigade/1962675462|TestBuildingDetector] I has been allocated!
2018-10-13 01:22:58,370 [DEBUG|FireBrigade/1962675462|TestBuildingDetector] Time:54
2018-10-13 01:22:58,370 [DEBUG|FireBrigade/1962675462|TestSearchForFire] Time:54
2018-10-13 01:22:58,370 [DEBUG|FireBrigade/1962675462|TestBuildingDetector] I has been allocated!
2018-10-13 01:22:59,470 [DEBUG|FireBrigade/1962675462|TestBuildingDetector] Time:55
2018-10-13 01:22:59,470 [DEBUG|FireBrigade/1962675462|TestSearchForFire] Time:55
2018-10-13 01:22:59,470 [DEBUG|FireBrigade/1962675462|TestBuildingDetector] I has been allocated!
2018-10-13 01:23:00,754 [DEBUG|FireBrigade/1962675462|TestBuildingDetector] Time:56
2018-10-13 01:23:00,755 [DEBUG|FireBrigade/1962675462|TestSearchForFire] Time:56
2018-10-13 01:23:00,755 [DEBUG|FireBrigade/1962675462|TestBuildingDetector] I has been allocated!
2018-10-13 01:23:01,850 [DEBUG|FireBrigade/1962675462|TestBuildingDetector] Time:57
2018-10-13 01:23:01,850 [DEBUG|FireBrigade/1962675462|TestSearchForFire] Time:57
2018-10-13 01:23:01,850 [DEBUG|FireBrigade/1962675462|TestBuildingDetector] I has been allocated!
2018-10-13 01:23:03,190 [DEBUG|FireBrigade/1962675462|TestBuildingDetector] Time:58
2018-10-13 01:23:03,191 [DEBUG|FireBrigade/1962675462|TestSearchForFire] Time:58
2018-10-13 01:23:03,191 [DEBUG|FireBrigade/1962675462|TestBuildingDetector] I has been allocated!
2018-10-13 01:23:04,262 [DEBUG|FireBrigade/1962675462|TestBuildingDetector] Time:59
2018-10-13 01:23:04,262 [DEBUG|FireBrigade/1962675462|TestSearchForFire] Time:59
2018-10-13 01:23:04,262 [DEBUG|FireBrigade/1962675462|TestBuildingDetector] I has been allocated!
2018-10-13 01:23:05,383 [DEBUG|FireBrigade/1962675462|TestBuildingDetector] Time:60
2018-10-13 01:23:05,383 [DEBUG|FireBrigade/1962675462|TestSearchForFire] Time:60
2018-10-13 01:23:05,383 [DEBUG|FireBrigade/1962675462|TestBuildingDetector] I has been allocated!
2018-10-13 01:23:06,510 [DEBUG|FireBrigade/1962675462|TestBuildingDetector] Time:61
2018-10-13 01:23:06,510 [DEBUG|FireBrigade/1962675462|TestSearchForFire] Time:61
2018-10-13 01:23:06,510 [DEBUG|FireBrigade/1962675462|TestBuildingDetector] I has been allocated!
2018-10-13 01:23:07,622 [DEBUG|FireBrigade/1962675462|TestBuildingDetector] Time:62
2018-10-13 01:23:07,622 [DEBUG|FireBrigade/1962675462|TestSearchForFire] Time:62
2018-10-13 01:23:07,623 [DEBUG|FireBrigade/1962675462|TestBuildingDetector] I has been allocated!
2018-10-13 01:23:08,749 [DEBUG|FireBrigade/1962675462|TestBuildingDetector] Time:63
2018-10-13 01:23:08,750 [DEBUG|FireBrigade/1962675462|TestSearchForFire] Time:63
2018-10-13 01:23:08,750 [DEBUG|FireBrigade/1962675462|TestBuildingDetector] I has been allocated!
2018-10-13 01:23:09,862 [DEBUG|FireBrigade/1962675462|TestBuildingDetector] Time:64
2018-10-13 01:23:09,862 [DEBUG|FireBrigade/1962675462|TestSearchForFire] Time:64
2018-10-13 01:23:09,862 [DEBUG|FireBrigade/1962675462|TestBuildingDetector] I has been allocated!
2018-10-13 01:23:10,986 [DEBUG|FireBrigade/1962675462|TestBuildingDetector] Time:65
2018-10-13 01:23:10,986 [DEBUG|FireBrigade/1962675462|TestSearchForFire] Time:65
2018-10-13 01:23:10,986 [DEBUG|FireBrigade/1962675462|TestBuildingDetector] I has been allocated!
2018-10-13 01:23:12,278 [DEBUG|FireBrigade/1962675462|TestBuildingDetector] Time:66
2018-10-13 01:23:12,279 [DEBUG|FireBrigade/1962675462|TestSearchForFire] Time:66
2018-10-13 01:23:12,279 [DEBUG|FireBrigade/1962675462|TestBuildingDetector] I has been allocated!
2018-10-13 01:23:13,346 [DEBUG|FireBrigade/1962675462|TestBuildingDetector] Time:67
2018-10-13 01:23:13,346 [DEBUG|FireBrigade/1962675462|TestSearchForFire] Time:67
2018-10-13 01:23:13,346 [DEBUG|FireBrigade/1962675462|TestBuildingDetector] I has been allocated!
2018-10-13 01:23:14,474 [DEBUG|FireBrigade/1962675462|TestBuildingDetector] Time:68
2018-10-13 01:23:14,474 [DEBUG|FireBrigade/1962675462|TestSearchForFire] Time:68
2018-10-13 01:23:14,475 [DEBUG|FireBrigade/1962675462|TestBuildingDetector] I has been allocated!
2018-10-13 01:23:15,590 [DEBUG|FireBrigade/1962675462|TestBuildingDetector] Time:69
2018-10-13 01:23:15,590 [DEBUG|FireBrigade/1962675462|TestSearchForFire] Time:69
2018-10-13 01:23:15,590 [DEBUG|FireBrigade/1962675462|TestBuildingDetector] I has been allocated!
2018-10-13 01:23:16,717 [DEBUG|FireBrigade/1962675462|TestBuildingDetector] Time:70
2018-10-13 01:23:16,718 [DEBUG|FireBrigade/1962675462|TestSearchForFire] Time:70
2018-10-13 01:23:16,718 [DEBUG|FireBrigade/1962675462|TestBuildingDetector] I has been allocated!
2018-10-13 01:23:17,822 [DEBUG|FireBrigade/1962675462|TestBuildingDetector] Time:71
2018-10-13 01:23:17,822 [DEBUG|FireBrigade/1962675462|TestSearchForFire] Time:71
2018-10-13 01:23:17,823 [DEBUG|FireBrigade/1962675462|TestBuildingDetector] I has been allocated!
2018-10-13 01:23:18,938 [DEBUG|FireBrigade/1962675462|TestBuildingDetector] Time:72
2018-10-13 01:23:18,938 [DEBUG|FireBrigade/1962675462|TestSearchForFire] Time:72
2018-10-13 01:23:18,939 [DEBUG|FireBrigade/1962675462|TestBuildingDetector] I has been allocated!
2018-10-13 01:23:20,054 [DEBUG|FireBrigade/1962675462|TestBuildingDetector] Time:73
2018-10-13 01:23:20,054 [DEBUG|FireBrigade/1962675462|TestSearchForFire] Time:73
2018-10-13 01:23:20,054 [DEBUG|FireBrigade/1962675462|TestBuildingDetector] I has been allocated!
2018-10-13 01:23:21,182 [DEBUG|FireBrigade/1962675462|TestBuildingDetector] Time:74
2018-10-13 01:23:21,182 [DEBUG|FireBrigade/1962675462|TestSearchForFire] Time:74
2018-10-13 01:23:21,182 [DEBUG|FireBrigade/1962675462|TestBuildingDetector] I has been allocated!
2018-10-13 01:23:22,298 [DEBUG|FireBrigade/1962675462|TestBuildingDetector] Time:75
2018-10-13 01:23:22,298 [DEBUG|FireBrigade/1962675462|TestSearchForFire] Time:75
2018-10-13 01:23:22,299 [DEBUG|FireBrigade/1962675462|TestBuildingDetector] I has been allocated!
2018-10-13 01:23:23,411 [DEBUG|FireBrigade/1962675462|TestBuildingDetector] Time:76
2018-10-13 01:23:23,412 [DEBUG|FireBrigade/1962675462|TestSearchForFire] Time:76
2018-10-13 01:23:23,413 [DEBUG|FireBrigade/1962675462|TestBuildingDetector] I has been allocated!
2018-10-13 01:23:24,518 [DEBUG|FireBrigade/1962675462|TestBuildingDetector] Time:77
2018-10-13 01:23:24,519 [DEBUG|FireBrigade/1962675462|TestSearchForFire] Time:77
2018-10-13 01:23:24,519 [DEBUG|FireBrigade/1962675462|TestBuildingDetector] I has been allocated!
2018-10-13 01:23:25,627 [DEBUG|FireBrigade/1962675462|TestBuildingDetector] Time:78
2018-10-13 01:23:25,627 [DEBUG|FireBrigade/1962675462|TestSearchForFire] Time:78
2018-10-13 01:23:25,628 [DEBUG|FireBrigade/1962675462|TestBuildingDetector] I has been allocated!
2018-10-13 01:23:26,730 [DEBUG|FireBrigade/1962675462|TestBuildingDetector] Time:79
2018-10-13 01:23:26,730 [DEBUG|FireBrigade/1962675462|TestSearchForFire] Time:79
2018-10-13 01:23:26,731 [DEBUG|FireBrigade/1962675462|TestBuildingDetector] I has been allocated!
2018-10-13 01:23:27,834 [DEBUG|FireBrigade/1962675462|TestBuildingDetector] Time:80
2018-10-13 01:23:27,834 [DEBUG|FireBrigade/1962675462|TestSearchForFire] Time:80
2018-10-13 01:23:27,834 [DEBUG|FireBrigade/1962675462|TestBuildingDetector] I has been allocated!
2018-10-13 01:23:28,934 [DEBUG|FireBrigade/1962675462|TestBuildingDetector] Time:81
2018-10-13 01:23:28,934 [DEBUG|FireBrigade/1962675462|TestSearchForFire] Time:81
2018-10-13 01:23:28,934 [DEBUG|FireBrigade/1962675462|TestBuildingDetector] I has been allocated!
2018-10-13 01:23:30,046 [DEBUG|FireBrigade/1962675462|TestBuildingDetector] Time:82
2018-10-13 01:23:30,046 [DEBUG|FireBrigade/1962675462|TestSearchForFire] Time:82
2018-10-13 01:23:30,046 [DEBUG|FireBrigade/1962675462|TestBuildingDetector] I has been allocated!
2018-10-13 01:23:31,147 [DEBUG|FireBrigade/1962675462|TestBuildingDetector] Time:83
2018-10-13 01:23:31,147 [DEBUG|FireBrigade/1962675462|TestSearchForFire] Time:83
2018-10-13 01:23:31,147 [DEBUG|FireBrigade/1962675462|TestBuildingDetector] I has been allocated!
2018-10-13 01:23:32,250 [DEBUG|FireBrigade/1962675462|TestBuildingDetector] Time:84
2018-10-13 01:23:32,250 [DEBUG|FireBrigade/1962675462|TestSearchForFire] Time:84
2018-10-13 01:23:32,251 [DEBUG|FireBrigade/1962675462|TestBuildingDetector] I has been allocated!
2018-10-13 01:23:33,366 [DEBUG|FireBrigade/1962675462|TestBuildingDetector] Time:85
2018-10-13 01:23:33,366 [DEBUG|FireBrigade/1962675462|TestSearchForFire] Time:85
2018-10-13 01:23:33,366 [DEBUG|FireBrigade/1962675462|TestBuildingDetector] I has been allocated!
2018-10-13 01:23:34,491 [DEBUG|FireBrigade/1962675462|TestBuildingDetector] Time:86
2018-10-13 01:23:34,491 [DEBUG|FireBrigade/1962675462|TestSearchForFire] Time:86
2018-10-13 01:23:34,491 [DEBUG|FireBrigade/1962675462|TestBuildingDetector] I has been allocated!
2018-10-13 01:23:35,598 [DEBUG|FireBrigade/1962675462|TestBuildingDetector] Time:87
2018-10-13 01:23:35,598 [DEBUG|FireBrigade/1962675462|TestSearchForFire] Time:87
2018-10-13 01:23:35,598 [DEBUG|FireBrigade/1962675462|TestBuildingDetector] I has been allocated!
2018-10-13 01:23:36,698 [DEBUG|FireBrigade/1962675462|TestBuildingDetector] Time:88
2018-10-13 01:23:36,699 [DEBUG|FireBrigade/1962675462|TestSearchForFire] Time:88
2018-10-13 01:23:36,699 [DEBUG|FireBrigade/1962675462|TestBuildingDetector] I has been allocated!
2018-10-13 01:23:37,822 [DEBUG|FireBrigade/1962675462|TestBuildingDetector] Time:89
2018-10-13 01:23:37,822 [DEBUG|FireBrigade/1962675462|TestSearchForFire] Time:89
2018-10-13 01:23:37,823 [DEBUG|FireBrigade/1962675462|TestBuildingDetector] I has been allocated!
2018-10-13 01:23:38,932 [DEBUG|FireBrigade/1962675462|TestBuildingDetector] Time:90
2018-10-13 01:23:38,933 [DEBUG|FireBrigade/1962675462|TestSearchForFire] Time:90
2018-10-13 01:23:38,933 [DEBUG|FireBrigade/1962675462|TestBuildingDetector] I has been allocated!
2018-10-13 01:23:40,066 [DEBUG|FireBrigade/1962675462|TestBuildingDetector] Time:91
2018-10-13 01:23:40,066 [DEBUG|FireBrigade/1962675462|TestSearchForFire] Time:91
2018-10-13 01:23:40,066 [DEBUG|FireBrigade/1962675462|TestBuildingDetector] I has been allocated!
2018-10-13 01:23:41,182 [DEBUG|FireBrigade/1962675462|TestBuildingDetector] Time:92
2018-10-13 01:23:41,182 [DEBUG|FireBrigade/1962675462|TestSearchForFire] Time:92
2018-10-13 01:23:41,183 [DEBUG|FireBrigade/1962675462|TestBuildingDetector] I has been allocated!
2018-10-13 01:23:42,294 [DEBUG|FireBrigade/1962675462|TestBuildingDetector] Time:93
2018-10-13 01:23:42,294 [DEBUG|FireBrigade/1962675462|TestSearchForFire] Time:93
2018-10-13 01:23:42,294 [DEBUG|FireBrigade/1962675462|TestBuildingDetector] I has been allocated!
2018-10-13 01:23:43,418 [DEBUG|FireBrigade/1962675462|TestBuildingDetector] Time:94
2018-10-13 01:23:43,419 [DEBUG|FireBrigade/1962675462|TestSearchForFire] Time:94
2018-10-13 01:23:43,419 [DEBUG|FireBrigade/1962675462|TestBuildingDetector] I has been allocated!
2018-10-13 01:23:44,562 [DEBUG|FireBrigade/1962675462|TestBuildingDetector] Time:95
2018-10-13 01:23:44,562 [DEBUG|FireBrigade/1962675462|TestSearchForFire] Time:95
2018-10-13 01:23:44,562 [DEBUG|FireBrigade/1962675462|TestBuildingDetector] I has been allocated!
2018-10-13 01:23:45,670 [DEBUG|FireBrigade/1962675462|TestBuildingDetector] Time:96
2018-10-13 01:23:45,670 [DEBUG|FireBrigade/1962675462|TestSearchForFire] Time:96
2018-10-13 01:23:45,670 [DEBUG|FireBrigade/1962675462|TestBuildingDetector] I has been allocated!
2018-10-13 01:23:46,778 [DEBUG|FireBrigade/1962675462|TestBuildingDetector] Time:97
2018-10-13 01:23:46,778 [DEBUG|FireBrigade/1962675462|TestSearchForFire] Time:97
2018-10-13 01:23:46,778 [DEBUG|FireBrigade/1962675462|TestBuildingDetector] I has been allocated!
2018-10-13 01:23:47,880 [DEBUG|FireBrigade/1962675462|TestBuildingDetector] Time:98
2018-10-13 01:23:47,880 [DEBUG|FireBrigade/1962675462|TestSearchForFire] Time:98
2018-10-13 01:23:47,880 [DEBUG|FireBrigade/1962675462|TestBuildingDetector] I has been allocated!
2018-10-13 01:23:48,999 [DEBUG|FireBrigade/1962675462|TestBuildingDetector] Time:99
2018-10-13 01:23:49,000 [DEBUG|FireBrigade/1962675462|TestSearchForFire] Time:99
2018-10-13 01:23:49,000 [DEBUG|FireBrigade/1962675462|TestBuildingDetector] I has been allocated!
2018-10-13 01:23:50,102 [DEBUG|FireBrigade/1962675462|TestBuildingDetector] Time:100
2018-10-13 01:23:50,102 [DEBUG|FireBrigade/1962675462|TestSearchForFire] Time:100
2018-10-13 01:23:50,103 [DEBUG|FireBrigade/1962675462|TestBuildingDetector] I has been allocated!
2018-10-13 01:23:51,206 [DEBUG|FireBrigade/1962675462|TestBuildingDetector] Time:101
2018-10-13 01:23:51,206 [DEBUG|FireBrigade/1962675462|TestSearchForFire] Time:101
2018-10-13 01:23:51,206 [DEBUG|FireBrigade/1962675462|TestBuildingDetector] I has been allocated!
2018-10-13 01:23:52,306 [DEBUG|FireBrigade/1962675462|TestBuildingDetector] Time:102
2018-10-13 01:23:52,306 [DEBUG|FireBrigade/1962675462|TestSearchForFire] Time:102
2018-10-13 01:23:52,306 [DEBUG|FireBrigade/1962675462|TestBuildingDetector] I has been allocated!
2018-10-13 01:23:53,410 [DEBUG|FireBrigade/1962675462|TestBuildingDetector] Time:103
2018-10-13 01:23:53,410 [DEBUG|FireBrigade/1962675462|TestSearchForFire] Time:103
2018-10-13 01:23:53,410 [DEBUG|FireBrigade/1962675462|TestBuildingDetector] I has been allocated!
2018-10-13 01:23:54,522 [DEBUG|FireBrigade/1962675462|TestBuildingDetector] Time:104
2018-10-13 01:23:54,522 [DEBUG|FireBrigade/1962675462|TestSearchForFire] Time:104
2018-10-13 01:23:54,522 [DEBUG|FireBrigade/1962675462|TestBuildingDetector] I has been allocated!
2018-10-13 01:23:55,630 [DEBUG|FireBrigade/1962675462|TestBuildingDetector] Time:105
2018-10-13 01:23:55,630 [DEBUG|FireBrigade/1962675462|TestSearchForFire] Time:105
2018-10-13 01:23:55,630 [DEBUG|FireBrigade/1962675462|TestBuildingDetector] I has been allocated!
2018-10-13 01:23:56,726 [DEBUG|FireBrigade/1962675462|TestBuildingDetector] Time:106
2018-10-13 01:23:56,726 [DEBUG|FireBrigade/1962675462|TestSearchForFire] Time:106
2018-10-13 01:23:56,726 [DEBUG|FireBrigade/1962675462|TestBuildingDetector] I has been allocated!
2018-10-13 01:23:57,838 [DEBUG|FireBrigade/1962675462|TestBuildingDetector] Time:107
2018-10-13 01:23:57,838 [DEBUG|FireBrigade/1962675462|TestSearchForFire] Time:107
2018-10-13 01:23:57,838 [DEBUG|FireBrigade/1962675462|TestBuildingDetector] I has been allocated!
2018-10-13 01:23:58,942 [DEBUG|FireBrigade/1962675462|TestBuildingDetector] Time:108
2018-10-13 01:23:58,942 [DEBUG|FireBrigade/1962675462|TestSearchForFire] Time:108
2018-10-13 01:23:58,942 [DEBUG|FireBrigade/1962675462|TestBuildingDetector] I has been allocated!
2018-10-13 01:24:00,052 [DEBUG|FireBrigade/1962675462|TestBuildingDetector] Time:109
2018-10-13 01:24:00,052 [DEBUG|FireBrigade/1962675462|TestSearchForFire] Time:109
2018-10-13 01:24:00,052 [DEBUG|FireBrigade/1962675462|TestBuildingDetector] I has been allocated!
2018-10-13 01:24:01,146 [DEBUG|FireBrigade/1962675462|TestBuildingDetector] Time:110
2018-10-13 01:24:01,146 [DEBUG|FireBrigade/1962675462|TestSearchForFire] Time:110
2018-10-13 01:24:01,146 [DEBUG|FireBrigade/1962675462|TestBuildingDetector] I has been allocated!
2018-10-13 01:24:02,254 [DEBUG|FireBrigade/1962675462|TestBuildingDetector] Time:111
2018-10-13 01:24:02,254 [DEBUG|FireBrigade/1962675462|TestSearchForFire] Time:111
2018-10-13 01:24:02,254 [DEBUG|FireBrigade/1962675462|TestBuildingDetector] I has been allocated!
2018-10-13 01:24:03,354 [DEBUG|FireBrigade/1962675462|TestBuildingDetector] Time:112
2018-10-13 01:24:03,354 [DEBUG|FireBrigade/1962675462|TestSearchForFire] Time:112
2018-10-13 01:24:03,355 [DEBUG|FireBrigade/1962675462|TestBuildingDetector] I has been allocated!
2018-10-13 01:24:04,474 [DEBUG|FireBrigade/1962675462|TestBuildingDetector] Time:113
2018-10-13 01:24:04,474 [DEBUG|FireBrigade/1962675462|TestSearchForFire] Time:113
2018-10-13 01:24:04,474 [DEBUG|FireBrigade/1962675462|TestBuildingDetector] I has been allocated!
2018-10-13 01:24:05,578 [DEBUG|FireBrigade/1962675462|TestBuildingDetector] Time:114
2018-10-13 01:24:05,579 [DEBUG|FireBrigade/1962675462|TestSearchForFire] Time:114
2018-10-13 01:24:05,579 [DEBUG|FireBrigade/1962675462|TestBuildingDetector] I has been allocated!
2018-10-13 01:24:06,682 [DEBUG|FireBrigade/1962675462|TestBuildingDetector] Time:115
2018-10-13 01:24:06,682 [DEBUG|FireBrigade/1962675462|TestSearchForFire] Time:115
2018-10-13 01:24:06,682 [DEBUG|FireBrigade/1962675462|TestBuildingDetector] I has been allocated!
2018-10-13 01:24:07,778 [DEBUG|FireBrigade/1962675462|TestBuildingDetector] Time:116
2018-10-13 01:24:07,778 [DEBUG|FireBrigade/1962675462|TestSearchForFire] Time:116
2018-10-13 01:24:07,778 [DEBUG|FireBrigade/1962675462|TestBuildingDetector] I has been allocated!
2018-10-13 01:24:08,882 [DEBUG|FireBrigade/1962675462|TestBuildingDetector] Time:117
2018-10-13 01:24:08,882 [DEBUG|FireBrigade/1962675462|TestSearchForFire] Time:117
2018-10-13 01:24:08,882 [DEBUG|FireBrigade/1962675462|TestBuildingDetector] I has been allocated!
2018-10-13 01:24:09,974 [DEBUG|FireBrigade/1962675462|TestBuildingDetector] Time:118
2018-10-13 01:24:09,974 [DEBUG|FireBrigade/1962675462|TestSearchForFire] Time:118
2018-10-13 01:24:09,974 [DEBUG|FireBrigade/1962675462|TestBuildingDetector] I has been allocated!
2018-10-13 01:24:11,083 [DEBUG|FireBrigade/1962675462|TestBuildingDetector] Time:119
2018-10-13 01:24:11,083 [DEBUG|FireBrigade/1962675462|TestSearchForFire] Time:119
2018-10-13 01:24:11,083 [DEBUG|FireBrigade/1962675462|TestBuildingDetector] I has been allocated!
2018-10-13 01:24:12,200 [DEBUG|FireBrigade/1962675462|TestBuildingDetector] Time:120
2018-10-13 01:24:12,200 [DEBUG|FireBrigade/1962675462|TestSearchForFire] Time:120
2018-10-13 01:24:12,200 [DEBUG|FireBrigade/1962675462|TestBuildingDetector] I has been allocated!
2018-10-13 01:24:13,306 [DEBUG|FireBrigade/1962675462|TestBuildingDetector] Time:121
2018-10-13 01:24:13,306 [DEBUG|FireBrigade/1962675462|TestSearchForFire] Time:121
2018-10-13 01:24:13,306 [DEBUG|FireBrigade/1962675462|TestBuildingDetector] I has been allocated!
2018-10-13 01:24:14,406 [DEBUG|FireBrigade/1962675462|TestBuildingDetector] Time:122
2018-10-13 01:24:14,406 [DEBUG|FireBrigade/1962675462|TestSearchForFire] Time:122
2018-10-13 01:24:14,407 [DEBUG|FireBrigade/1962675462|TestBuildingDetector] I has been allocated!
2018-10-13 01:24:15,518 [DEBUG|FireBrigade/1962675462|TestBuildingDetector] Time:123
2018-10-13 01:24:15,518 [DEBUG|FireBrigade/1962675462|TestSearchForFire] Time:123
2018-10-13 01:24:15,518 [DEBUG|FireBrigade/1962675462|TestBuildingDetector] I has been allocated!
2018-10-13 01:24:16,618 [DEBUG|FireBrigade/1962675462|TestBuildingDetector] Time:124
2018-10-13 01:24:16,618 [DEBUG|FireBrigade/1962675462|TestSearchForFire] Time:124
2018-10-13 01:24:16,618 [DEBUG|FireBrigade/1962675462|TestBuildingDetector] I has been allocated!
2018-10-13 01:24:17,714 [DEBUG|FireBrigade/1962675462|TestBuildingDetector] Time:125
2018-10-13 01:24:17,714 [DEBUG|FireBrigade/1962675462|TestSearchForFire] Time:125
2018-10-13 01:24:17,714 [DEBUG|FireBrigade/1962675462|TestBuildingDetector] I has been allocated!
2018-10-13 01:24:18,810 [DEBUG|FireBrigade/1962675462|TestBuildingDetector] Time:126
2018-10-13 01:24:18,810 [DEBUG|FireBrigade/1962675462|TestSearchForFire] Time:126
2018-10-13 01:24:18,810 [DEBUG|FireBrigade/1962675462|TestBuildingDetector] I has been allocated!
2018-10-13 01:24:19,918 [DEBUG|FireBrigade/1962675462|TestBuildingDetector] Time:127
2018-10-13 01:24:19,918 [DEBUG|FireBrigade/1962675462|TestSearchForFire] Time:127
2018-10-13 01:24:19,918 [DEBUG|FireBrigade/1962675462|TestBuildingDetector] I has been allocated!
2018-10-13 01:24:21,019 [DEBUG|FireBrigade/1962675462|TestBuildingDetector] Time:128
2018-10-13 01:24:21,019 [DEBUG|FireBrigade/1962675462|TestSearchForFire] Time:128
2018-10-13 01:24:21,019 [DEBUG|FireBrigade/1962675462|TestBuildingDetector] I has been allocated!
2018-10-13 01:24:22,126 [DEBUG|FireBrigade/1962675462|TestBuildingDetector] Time:129
2018-10-13 01:24:22,126 [DEBUG|FireBrigade/1962675462|TestSearchForFire] Time:129
2018-10-13 01:24:22,126 [DEBUG|FireBrigade/1962675462|TestBuildingDetector] I has been allocated!
2018-10-13 01:24:23,222 [DEBUG|FireBrigade/1962675462|TestBuildingDetector] Time:130
2018-10-13 01:24:23,222 [DEBUG|FireBrigade/1962675462|TestSearchForFire] Time:130
2018-10-13 01:24:23,222 [DEBUG|FireBrigade/1962675462|TestBuildingDetector] I has been allocated!
2018-10-13 01:24:24,330 [DEBUG|FireBrigade/1962675462|TestBuildingDetector] Time:131
2018-10-13 01:24:24,330 [DEBUG|FireBrigade/1962675462|TestSearchForFire] Time:131
2018-10-13 01:24:24,330 [DEBUG|FireBrigade/1962675462|TestBuildingDetector] I has been allocated!
2018-10-13 01:24:25,430 [DEBUG|FireBrigade/1962675462|TestBuildingDetector] Time:132
2018-10-13 01:24:25,430 [DEBUG|FireBrigade/1962675462|TestSearchForFire] Time:132
2018-10-13 01:24:25,430 [DEBUG|FireBrigade/1962675462|TestBuildingDetector] I has been allocated!
2018-10-13 01:24:26,530 [DEBUG|FireBrigade/1962675462|TestBuildingDetector] Time:133
2018-10-13 01:24:26,530 [DEBUG|FireBrigade/1962675462|TestSearchForFire] Time:133
2018-10-13 01:24:26,530 [DEBUG|FireBrigade/1962675462|TestBuildingDetector] I has been allocated!
2018-10-13 01:24:27,630 [DEBUG|FireBrigade/1962675462|TestBuildingDetector] Time:134
2018-10-13 01:24:27,630 [DEBUG|FireBrigade/1962675462|TestSearchForFire] Time:134
2018-10-13 01:24:27,630 [DEBUG|FireBrigade/1962675462|TestBuildingDetector] I has been allocated!
2018-10-13 01:24:28,742 [DEBUG|FireBrigade/1962675462|TestBuildingDetector] Time:135
2018-10-13 01:24:28,742 [DEBUG|FireBrigade/1962675462|TestSearchForFire] Time:135
2018-10-13 01:24:28,742 [DEBUG|FireBrigade/1962675462|TestBuildingDetector] I has been allocated!
2018-10-13 01:24:29,846 [DEBUG|FireBrigade/1962675462|TestBuildingDetector] Time:136
2018-10-13 01:24:29,846 [DEBUG|FireBrigade/1962675462|TestSearchForFire] Time:136
2018-10-13 01:24:29,846 [DEBUG|FireBrigade/1962675462|TestBuildingDetector] I has been allocated!
2018-10-13 01:24:30,946 [DEBUG|FireBrigade/1962675462|TestBuildingDetector] Time:137
2018-10-13 01:24:30,949 [DEBUG|FireBrigade/1962675462|TestSearchForFire] Time:137
2018-10-13 01:24:30,950 [DEBUG|FireBrigade/1962675462|TestBuildingDetector] I has been allocated!
2018-10-13 01:24:32,046 [DEBUG|FireBrigade/1962675462|TestBuildingDetector] Time:138
2018-10-13 01:24:32,046 [DEBUG|FireBrigade/1962675462|TestSearchForFire] Time:138
2018-10-13 01:24:32,046 [DEBUG|FireBrigade/1962675462|TestBuildingDetector] I has been allocated!
2018-10-13 01:24:33,158 [DEBUG|FireBrigade/1962675462|TestBuildingDetector] Time:139
2018-10-13 01:24:33,158 [DEBUG|FireBrigade/1962675462|TestSearchForFire] Time:139
2018-10-13 01:24:33,158 [DEBUG|FireBrigade/1962675462|TestBuildingDetector] I has been allocated!
2018-10-13 01:24:34,266 [DEBUG|FireBrigade/1962675462|TestBuildingDetector] Time:140
2018-10-13 01:24:34,266 [DEBUG|FireBrigade/1962675462|TestSearchForFire] Time:140
2018-10-13 01:24:34,266 [DEBUG|FireBrigade/1962675462|TestBuildingDetector] I has been allocated!
2018-10-13 01:24:35,362 [DEBUG|FireBrigade/1962675462|TestBuildingDetector] Time:141
2018-10-13 01:24:35,362 [DEBUG|FireBrigade/1962675462|TestSearchForFire] Time:141
2018-10-13 01:24:35,363 [DEBUG|FireBrigade/1962675462|TestBuildingDetector] I has been allocated!
2018-10-13 01:24:36,494 [DEBUG|FireBrigade/1962675462|TestBuildingDetector] Time:142
2018-10-13 01:24:36,494 [DEBUG|FireBrigade/1962675462|TestSearchForFire] Time:142
2018-10-13 01:24:36,494 [DEBUG|FireBrigade/1962675462|TestBuildingDetector] I has been allocated!
2018-10-13 01:24:37,606 [DEBUG|FireBrigade/1962675462|TestBuildingDetector] Time:143
2018-10-13 01:24:37,606 [DEBUG|FireBrigade/1962675462|TestSearchForFire] Time:143
2018-10-13 01:24:37,606 [DEBUG|FireBrigade/1962675462|TestBuildingDetector] I has been allocated!
2018-10-13 01:24:38,710 [DEBUG|FireBrigade/1962675462|TestBuildingDetector] Time:144
2018-10-13 01:24:38,710 [DEBUG|FireBrigade/1962675462|TestSearchForFire] Time:144
2018-10-13 01:24:38,710 [DEBUG|FireBrigade/1962675462|TestBuildingDetector] I has been allocated!
2018-10-13 01:24:39,802 [DEBUG|FireBrigade/1962675462|TestBuildingDetector] Time:145
2018-10-13 01:24:39,802 [DEBUG|FireBrigade/1962675462|TestSearchForFire] Time:145
2018-10-13 01:24:39,802 [DEBUG|FireBrigade/1962675462|TestBuildingDetector] I has been allocated!
2018-10-13 01:24:40,910 [DEBUG|FireBrigade/1962675462|TestBuildingDetector] Time:146
2018-10-13 01:24:40,910 [DEBUG|FireBrigade/1962675462|TestSearchForFire] Time:146
2018-10-13 01:24:40,910 [DEBUG|FireBrigade/1962675462|TestBuildingDetector] I has been allocated!
2018-10-13 01:24:42,054 [DEBUG|FireBrigade/1962675462|TestBuildingDetector] Time:147
2018-10-13 01:24:42,054 [DEBUG|FireBrigade/1962675462|TestSearchForFire] Time:147
2018-10-13 01:24:42,054 [DEBUG|FireBrigade/1962675462|TestBuildingDetector] I has been allocated!
2018-10-13 01:24:43,162 [DEBUG|FireBrigade/1962675462|TestBuildingDetector] Time:148
2018-10-13 01:24:43,162 [DEBUG|FireBrigade/1962675462|TestSearchForFire] Time:148
2018-10-13 01:24:43,163 [DEBUG|FireBrigade/1962675462|TestBuildingDetector] I has been allocated!
2018-10-13 01:24:44,278 [DEBUG|FireBrigade/1962675462|TestBuildingDetector] Time:149
2018-10-13 01:24:44,279 [DEBUG|FireBrigade/1962675462|TestSearchForFire] Time:149
2018-10-13 01:24:44,279 [DEBUG|FireBrigade/1962675462|TestBuildingDetector] I has been allocated!
2018-10-13 01:24:45,378 [DEBUG|FireBrigade/1962675462|TestBuildingDetector] Time:150
2018-10-13 01:24:45,378 [DEBUG|FireBrigade/1962675462|TestSearchForFire] Time:150
2018-10-13 01:24:45,379 [DEBUG|FireBrigade/1962675462|TestBuildingDetector] I has been allocated!
2018-10-13 01:24:46,478 [DEBUG|FireBrigade/1962675462|TestBuildingDetector] Time:151
2018-10-13 01:24:46,478 [DEBUG|FireBrigade/1962675462|TestSearchForFire] Time:151
2018-10-13 01:24:46,479 [DEBUG|FireBrigade/1962675462|TestBuildingDetector] I has been allocated!
2018-10-13 01:24:47,575 [DEBUG|FireBrigade/1962675462|TestBuildingDetector] Time:152
2018-10-13 01:24:47,575 [DEBUG|FireBrigade/1962675462|TestSearchForFire] Time:152
2018-10-13 01:24:47,576 [DEBUG|FireBrigade/1962675462|TestBuildingDetector] I has been allocated!
2018-10-13 01:24:48,682 [DEBUG|FireBrigade/1962675462|TestBuildingDetector] Time:153
2018-10-13 01:24:48,683 [DEBUG|FireBrigade/1962675462|TestSearchForFire] Time:153
2018-10-13 01:24:48,683 [DEBUG|FireBrigade/1962675462|TestBuildingDetector] I has been allocated!
2018-10-13 01:24:49,786 [DEBUG|FireBrigade/1962675462|TestBuildingDetector] Time:154
2018-10-13 01:24:49,786 [DEBUG|FireBrigade/1962675462|TestSearchForFire] Time:154
2018-10-13 01:24:49,786 [DEBUG|FireBrigade/1962675462|TestBuildingDetector] I has been allocated!
2018-10-13 01:24:50,890 [DEBUG|FireBrigade/1962675462|TestBuildingDetector] Time:155
2018-10-13 01:24:50,890 [DEBUG|FireBrigade/1962675462|TestSearchForFire] Time:155
2018-10-13 01:24:50,890 [DEBUG|FireBrigade/1962675462|TestBuildingDetector] I has been allocated!
2018-10-13 01:24:51,990 [DEBUG|FireBrigade/1962675462|TestBuildingDetector] Time:156
2018-10-13 01:24:51,991 [DEBUG|FireBrigade/1962675462|TestSearchForFire] Time:156
2018-10-13 01:24:51,991 [DEBUG|FireBrigade/1962675462|TestBuildingDetector] I has been allocated!
2018-10-13 01:24:53,082 [DEBUG|FireBrigade/1962675462|TestBuildingDetector] Time:157
2018-10-13 01:24:53,082 [DEBUG|FireBrigade/1962675462|TestSearchForFire] Time:157
2018-10-13 01:24:53,082 [DEBUG|FireBrigade/1962675462|TestBuildingDetector] I has been allocated!
2018-10-13 01:24:54,186 [DEBUG|FireBrigade/1962675462|TestBuildingDetector] Time:158
2018-10-13 01:24:54,186 [DEBUG|FireBrigade/1962675462|TestSearchForFire] Time:158
2018-10-13 01:24:54,187 [DEBUG|FireBrigade/1962675462|TestBuildingDetector] I has been allocated!
2018-10-13 01:24:55,298 [DEBUG|FireBrigade/1962675462|TestBuildingDetector] Time:159
2018-10-13 01:24:55,298 [DEBUG|FireBrigade/1962675462|TestSearchForFire] Time:159
2018-10-13 01:24:55,298 [DEBUG|FireBrigade/1962675462|TestBuildingDetector] I has been allocated!
2018-10-13 01:24:56,390 [DEBUG|FireBrigade/1962675462|TestBuildingDetector] Time:160
2018-10-13 01:24:56,390 [DEBUG|FireBrigade/1962675462|TestSearchForFire] Time:160
2018-10-13 01:24:56,390 [DEBUG|FireBrigade/1962675462|TestBuildingDetector] I has been allocated!
2018-10-13 01:24:57,498 [DEBUG|FireBrigade/1962675462|TestBuildingDetector] Time:161
2018-10-13 01:24:57,499 [DEBUG|FireBrigade/1962675462|TestSearchForFire] Time:161
2018-10-13 01:24:57,499 [DEBUG|FireBrigade/1962675462|TestBuildingDetector] I has been allocated!
2018-10-13 01:24:58,606 [DEBUG|FireBrigade/1962675462|TestBuildingDetector] Time:162
2018-10-13 01:24:58,606 [DEBUG|FireBrigade/1962675462|TestSearchForFire] Time:162
2018-10-13 01:24:58,606 [DEBUG|FireBrigade/1962675462|TestBuildingDetector] I has been allocated!
2018-10-13 01:24:59,718 [DEBUG|FireBrigade/1962675462|TestBuildingDetector] Time:163
2018-10-13 01:24:59,718 [DEBUG|FireBrigade/1962675462|TestSearchForFire] Time:163
2018-10-13 01:24:59,718 [DEBUG|FireBrigade/1962675462|TestBuildingDetector] I has been allocated!
2018-10-13 01:25:00,822 [DEBUG|FireBrigade/1962675462|TestBuildingDetector] Time:164
2018-10-13 01:25:00,822 [DEBUG|FireBrigade/1962675462|TestSearchForFire] Time:164
2018-10-13 01:25:00,822 [DEBUG|FireBrigade/1962675462|TestBuildingDetector] I has been allocated!
2018-10-13 01:25:01,926 [DEBUG|FireBrigade/1962675462|TestBuildingDetector] Time:165
2018-10-13 01:25:01,928 [DEBUG|FireBrigade/1962675462|TestSearchForFire] Time:165
2018-10-13 01:25:01,930 [DEBUG|FireBrigade/1962675462|TestBuildingDetector] I has been allocated!
2018-10-13 01:25:03,022 [DEBUG|FireBrigade/1962675462|TestBuildingDetector] Time:166
2018-10-13 01:25:03,022 [DEBUG|FireBrigade/1962675462|TestSearchForFire] Time:166
2018-10-13 01:25:03,022 [DEBUG|FireBrigade/1962675462|TestBuildingDetector] I has been allocated!
2018-10-13 01:25:04,130 [DEBUG|FireBrigade/1962675462|TestBuildingDetector] Time:167
2018-10-13 01:25:04,130 [DEBUG|FireBrigade/1962675462|TestSearchForFire] Time:167
2018-10-13 01:25:04,130 [DEBUG|FireBrigade/1962675462|TestBuildingDetector] I has been allocated!
2018-10-13 01:25:05,234 [DEBUG|FireBrigade/1962675462|TestBuildingDetector] Time:168
2018-10-13 01:25:05,235 [DEBUG|FireBrigade/1962675462|TestSearchForFire] Time:168
2018-10-13 01:25:05,235 [DEBUG|FireBrigade/1962675462|TestBuildingDetector] I has been allocated!
2018-10-13 01:25:06,338 [DEBUG|FireBrigade/1962675462|TestBuildingDetector] Time:169
2018-10-13 01:25:06,338 [DEBUG|FireBrigade/1962675462|TestSearchForFire] Time:169
2018-10-13 01:25:06,338 [DEBUG|FireBrigade/1962675462|TestBuildingDetector] I has been allocated!
2018-10-13 01:25:07,434 [DEBUG|FireBrigade/1962675462|TestBuildingDetector] Time:170
2018-10-13 01:25:07,434 [DEBUG|FireBrigade/1962675462|TestSearchForFire] Time:170
2018-10-13 01:25:07,434 [DEBUG|FireBrigade/1962675462|TestBuildingDetector] I has been allocated!
2018-10-13 01:25:08,542 [DEBUG|FireBrigade/1962675462|TestBuildingDetector] Time:171
2018-10-13 01:25:08,542 [DEBUG|FireBrigade/1962675462|TestSearchForFire] Time:171
2018-10-13 01:25:08,542 [DEBUG|FireBrigade/1962675462|TestBuildingDetector] I has been allocated!
2018-10-13 01:25:09,650 [DEBUG|FireBrigade/1962675462|TestBuildingDetector] Time:172
2018-10-13 01:25:09,650 [DEBUG|FireBrigade/1962675462|TestSearchForFire] Time:172
2018-10-13 01:25:09,650 [DEBUG|FireBrigade/1962675462|TestBuildingDetector] I has been allocated!
2018-10-13 01:25:10,747 [DEBUG|FireBrigade/1962675462|TestBuildingDetector] Time:173
2018-10-13 01:25:10,747 [DEBUG|FireBrigade/1962675462|TestSearchForFire] Time:173
2018-10-13 01:25:10,747 [DEBUG|FireBrigade/1962675462|TestBuildingDetector] I has been allocated!
2018-10-13 01:25:11,850 [DEBUG|FireBrigade/1962675462|TestBuildingDetector] Time:174
2018-10-13 01:25:11,850 [DEBUG|FireBrigade/1962675462|TestSearchForFire] Time:174
2018-10-13 01:25:11,850 [DEBUG|FireBrigade/1962675462|TestBuildingDetector] I has been allocated!
2018-10-13 01:25:12,954 [DEBUG|FireBrigade/1962675462|TestBuildingDetector] Time:175
2018-10-13 01:25:12,954 [DEBUG|FireBrigade/1962675462|TestSearchForFire] Time:175
2018-10-13 01:25:12,954 [DEBUG|FireBrigade/1962675462|TestBuildingDetector] I has been allocated!
2018-10-13 01:25:14,062 [DEBUG|FireBrigade/1962675462|TestBuildingDetector] Time:176
2018-10-13 01:25:14,062 [DEBUG|FireBrigade/1962675462|TestSearchForFire] Time:176
2018-10-13 01:25:14,062 [DEBUG|FireBrigade/1962675462|TestBuildingDetector] I has been allocated!
2018-10-13 01:25:15,162 [DEBUG|FireBrigade/1962675462|TestBuildingDetector] Time:177
2018-10-13 01:25:15,162 [DEBUG|FireBrigade/1962675462|TestSearchForFire] Time:177
2018-10-13 01:25:15,162 [DEBUG|FireBrigade/1962675462|TestBuildingDetector] I has been allocated!
2018-10-13 01:25:16,262 [DEBUG|FireBrigade/1962675462|TestBuildingDetector] Time:178
2018-10-13 01:25:16,262 [DEBUG|FireBrigade/1962675462|TestSearchForFire] Time:178
2018-10-13 01:25:16,262 [DEBUG|FireBrigade/1962675462|TestBuildingDetector] I has been allocated!
2018-10-13 01:25:17,366 [DEBUG|FireBrigade/1962675462|TestBuildingDetector] Time:179
2018-10-13 01:25:17,366 [DEBUG|FireBrigade/1962675462|TestSearchForFire] Time:179
2018-10-13 01:25:17,366 [DEBUG|FireBrigade/1962675462|TestBuildingDetector] I has been allocated!
2018-10-13 01:25:18,478 [DEBUG|FireBrigade/1962675462|TestBuildingDetector] Time:180
2018-10-13 01:25:18,478 [DEBUG|FireBrigade/1962675462|TestSearchForFire] Time:180
2018-10-13 01:25:18,478 [DEBUG|FireBrigade/1962675462|TestBuildingDetector] I has been allocated!
2018-10-13 01:25:19,582 [DEBUG|FireBrigade/1962675462|TestBuildingDetector] Time:181
2018-10-13 01:25:19,582 [DEBUG|FireBrigade/1962675462|TestSearchForFire] Time:181
2018-10-13 01:25:19,582 [DEBUG|FireBrigade/1962675462|TestBuildingDetector] I has been allocated!
2018-10-13 01:25:20,674 [DEBUG|FireBrigade/1962675462|TestBuildingDetector] Time:182
2018-10-13 01:25:20,674 [DEBUG|FireBrigade/1962675462|TestSearchForFire] Time:182
2018-10-13 01:25:20,675 [DEBUG|FireBrigade/1962675462|TestBuildingDetector] I has been allocated!
2018-10-13 01:25:21,790 [DEBUG|FireBrigade/1962675462|TestBuildingDetector] Time:183
2018-10-13 01:25:21,790 [DEBUG|FireBrigade/1962675462|TestSearchForFire] Time:183
2018-10-13 01:25:21,790 [DEBUG|FireBrigade/1962675462|TestBuildingDetector] I has been allocated!
2018-10-13 01:25:22,918 [DEBUG|FireBrigade/1962675462|TestBuildingDetector] Time:184
2018-10-13 01:25:22,918 [DEBUG|FireBrigade/1962675462|TestSearchForFire] Time:184
2018-10-13 01:25:22,918 [DEBUG|FireBrigade/1962675462|TestBuildingDetector] I has been allocated!
2018-10-13 01:25:24,018 [DEBUG|FireBrigade/1962675462|TestBuildingDetector] Time:185
2018-10-13 01:25:24,018 [DEBUG|FireBrigade/1962675462|TestSearchForFire] Time:185
2018-10-13 01:25:24,018 [DEBUG|FireBrigade/1962675462|TestBuildingDetector] I has been allocated!
2018-10-13 01:25:25,126 [DEBUG|FireBrigade/1962675462|TestBuildingDetector] Time:186
2018-10-13 01:25:25,126 [DEBUG|FireBrigade/1962675462|TestSearchForFire] Time:186
2018-10-13 01:25:25,126 [DEBUG|FireBrigade/1962675462|TestBuildingDetector] I has been allocated!
2018-10-13 01:25:26,230 [DEBUG|FireBrigade/1962675462|TestBuildingDetector] Time:187
2018-10-13 01:25:26,230 [DEBUG|FireBrigade/1962675462|TestSearchForFire] Time:187
2018-10-13 01:25:26,230 [DEBUG|FireBrigade/1962675462|TestBuildingDetector] I has been allocated!
2018-10-13 01:25:27,334 [DEBUG|FireBrigade/1962675462|TestBuildingDetector] Time:188
2018-10-13 01:25:27,334 [DEBUG|FireBrigade/1962675462|TestSearchForFire] Time:188
2018-10-13 01:25:27,334 [DEBUG|FireBrigade/1962675462|TestBuildingDetector] I has been allocated!
2018-10-13 01:25:28,434 [DEBUG|FireBrigade/1962675462|TestBuildingDetector] Time:189
2018-10-13 01:25:28,434 [DEBUG|FireBrigade/1962675462|TestSearchForFire] Time:189
2018-10-13 01:25:28,434 [DEBUG|FireBrigade/1962675462|TestBuildingDetector] I has been allocated!
2018-10-13 01:25:29,554 [DEBUG|FireBrigade/1962675462|TestBuildingDetector] Time:190
2018-10-13 01:25:29,554 [DEBUG|FireBrigade/1962675462|TestSearchForFire] Time:190
2018-10-13 01:25:29,554 [DEBUG|FireBrigade/1962675462|TestBuildingDetector] I has been allocated!
2018-10-13 01:25:30,666 [DEBUG|FireBrigade/1962675462|TestBuildingDetector] Time:191
2018-10-13 01:25:30,666 [DEBUG|FireBrigade/1962675462|TestSearchForFire] Time:191
2018-10-13 01:25:30,666 [DEBUG|FireBrigade/1962675462|TestBuildingDetector] I has been allocated!
2018-10-13 01:25:31,763 [DEBUG|FireBrigade/1962675462|TestBuildingDetector] Time:192
2018-10-13 01:25:31,764 [DEBUG|FireBrigade/1962675462|TestSearchForFire] Time:192
2018-10-13 01:25:31,764 [DEBUG|FireBrigade/1962675462|TestBuildingDetector] I has been allocated!
2018-10-13 01:25:32,862 [DEBUG|FireBrigade/1962675462|TestBuildingDetector] Time:193
2018-10-13 01:25:32,862 [DEBUG|FireBrigade/1962675462|TestSearchForFire] Time:193
2018-10-13 01:25:32,862 [DEBUG|FireBrigade/1962675462|TestBuildingDetector] I has been allocated!
2018-10-13 01:25:33,966 [DEBUG|FireBrigade/1962675462|TestBuildingDetector] Time:194
2018-10-13 01:25:33,967 [DEBUG|FireBrigade/1962675462|TestSearchForFire] Time:194
2018-10-13 01:25:33,967 [DEBUG|FireBrigade/1962675462|TestBuildingDetector] I has been allocated!
2018-10-13 01:25:35,070 [DEBUG|FireBrigade/1962675462|TestBuildingDetector] Time:195
2018-10-13 01:25:35,070 [DEBUG|FireBrigade/1962675462|TestSearchForFire] Time:195
2018-10-13 01:25:35,071 [DEBUG|FireBrigade/1962675462|TestBuildingDetector] I has been allocated!
2018-10-13 01:25:36,162 [DEBUG|FireBrigade/1962675462|TestBuildingDetector] Time:196
2018-10-13 01:25:36,162 [DEBUG|FireBrigade/1962675462|TestSearchForFire] Time:196
2018-10-13 01:25:36,162 [DEBUG|FireBrigade/1962675462|TestBuildingDetector] I has been allocated!
2018-10-13 01:25:37,266 [DEBUG|FireBrigade/1962675462|TestBuildingDetector] Time:197
2018-10-13 01:25:37,266 [DEBUG|FireBrigade/1962675462|TestSearchForFire] Time:197
2018-10-13 01:25:37,266 [DEBUG|FireBrigade/1962675462|TestBuildingDetector] I has been allocated!
2018-10-13 01:25:38,366 [DEBUG|FireBrigade/1962675462|TestBuildingDetector] Time:198
2018-10-13 01:25:38,366 [DEBUG|FireBrigade/1962675462|TestSearchForFire] Time:198
2018-10-13 01:25:38,366 [DEBUG|FireBrigade/1962675462|TestBuildingDetector] I has been allocated!
2018-10-13 01:25:39,478 [DEBUG|FireBrigade/1962675462|TestBuildingDetector] Time:199
2018-10-13 01:25:39,478 [DEBUG|FireBrigade/1962675462|TestSearchForFire] Time:199
2018-10-13 01:25:39,478 [DEBUG|FireBrigade/1962675462|TestBuildingDetector] I has been allocated!
2018-10-13 01:25:40,583 [DEBUG|FireBrigade/1962675462|TestBuildingDetector] Time:200
2018-10-13 01:25:40,583 [DEBUG|FireBrigade/1962675462|TestSearchForFire] Time:200
2018-10-13 01:25:40,584 [DEBUG|FireBrigade/1962675462|TestBuildingDetector] I has been allocated!
2018-10-13 01:25:41,682 [DEBUG|FireBrigade/1962675462|TestBuildingDetector] Time:201
2018-10-13 01:25:41,682 [DEBUG|FireBrigade/1962675462|TestSearchForFire] Time:201
2018-10-13 01:25:41,682 [DEBUG|FireBrigade/1962675462|TestBuildingDetector] I has been allocated!
2018-10-13 01:25:42,786 [DEBUG|FireBrigade/1962675462|TestBuildingDetector] Time:202
2018-10-13 01:25:42,786 [DEBUG|FireBrigade/1962675462|TestSearchForFire] Time:202
2018-10-13 01:25:42,786 [DEBUG|FireBrigade/1962675462|TestBuildingDetector] I has been allocated!
2018-10-13 01:25:43,902 [DEBUG|FireBrigade/1962675462|TestBuildingDetector] Time:203
2018-10-13 01:25:43,902 [DEBUG|FireBrigade/1962675462|TestSearchForFire] Time:203
2018-10-13 01:25:43,902 [DEBUG|FireBrigade/1962675462|TestBuildingDetector] I has been allocated!
2018-10-13 01:25:45,002 [DEBUG|FireBrigade/1962675462|TestBuildingDetector] Time:204
2018-10-13 01:25:45,002 [DEBUG|FireBrigade/1962675462|TestSearchForFire] Time:204
2018-10-13 01:25:45,002 [DEBUG|FireBrigade/1962675462|TestBuildingDetector] I has been allocated!
2018-10-13 01:25:46,098 [DEBUG|FireBrigade/1962675462|TestBuildingDetector] Time:205
2018-10-13 01:25:46,098 [DEBUG|FireBrigade/1962675462|TestSearchForFire] Time:205
2018-10-13 01:25:46,098 [DEBUG|FireBrigade/1962675462|TestBuildingDetector] I has been allocated!
2018-10-13 01:25:47,194 [DEBUG|FireBrigade/1962675462|TestBuildingDetector] Time:206
2018-10-13 01:25:47,194 [DEBUG|FireBrigade/1962675462|TestSearchForFire] Time:206
2018-10-13 01:25:47,195 [DEBUG|FireBrigade/1962675462|TestBuildingDetector] I has been allocated!
2018-10-13 01:25:48,311 [DEBUG|FireBrigade/1962675462|TestBuildingDetector] Time:207
2018-10-13 01:25:48,311 [DEBUG|FireBrigade/1962675462|TestSearchForFire] Time:207
2018-10-13 01:25:48,311 [DEBUG|FireBrigade/1962675462|TestBuildingDetector] I has been allocated!
2018-10-13 01:25:49,410 [DEBUG|FireBrigade/1962675462|TestBuildingDetector] Time:208
2018-10-13 01:25:49,411 [DEBUG|FireBrigade/1962675462|TestSearchForFire] Time:208
2018-10-13 01:25:49,412 [DEBUG|FireBrigade/1962675462|TestBuildingDetector] I has been allocated!
2018-10-13 01:25:50,510 [DEBUG|FireBrigade/1962675462|TestBuildingDetector] Time:209
2018-10-13 01:25:50,510 [DEBUG|FireBrigade/1962675462|TestSearchForFire] Time:209
2018-10-13 01:25:50,510 [DEBUG|FireBrigade/1962675462|TestBuildingDetector] I has been allocated!
2018-10-13 01:25:51,606 [DEBUG|FireBrigade/1962675462|TestBuildingDetector] Time:210
2018-10-13 01:25:51,606 [DEBUG|FireBrigade/1962675462|TestSearchForFire] Time:210
2018-10-13 01:25:51,606 [DEBUG|FireBrigade/1962675462|TestBuildingDetector] I has been allocated!
2018-10-13 01:25:52,738 [DEBUG|FireBrigade/1962675462|TestBuildingDetector] Time:211
2018-10-13 01:25:52,738 [DEBUG|FireBrigade/1962675462|TestSearchForFire] Time:211
2018-10-13 01:25:52,738 [DEBUG|FireBrigade/1962675462|TestBuildingDetector] I has been allocated!
2018-10-13 01:25:53,842 [DEBUG|FireBrigade/1962675462|TestBuildingDetector] Time:212
2018-10-13 01:25:53,842 [DEBUG|FireBrigade/1962675462|TestSearchForFire] Time:212
2018-10-13 01:25:53,843 [DEBUG|FireBrigade/1962675462|TestBuildingDetector] I has been allocated!
2018-10-13 01:25:54,954 [DEBUG|FireBrigade/1962675462|TestBuildingDetector] Time:213
2018-10-13 01:25:54,954 [DEBUG|FireBrigade/1962675462|TestSearchForFire] Time:213
2018-10-13 01:25:54,954 [DEBUG|FireBrigade/1962675462|TestBuildingDetector] I has been allocated!
2018-10-13 01:25:56,058 [DEBUG|FireBrigade/1962675462|TestBuildingDetector] Time:214
2018-10-13 01:25:56,058 [DEBUG|FireBrigade/1962675462|TestSearchForFire] Time:214
2018-10-13 01:25:56,058 [DEBUG|FireBrigade/1962675462|TestBuildingDetector] I has been allocated!
2018-10-13 01:25:57,170 [DEBUG|FireBrigade/1962675462|TestBuildingDetector] Time:215
2018-10-13 01:25:57,170 [DEBUG|FireBrigade/1962675462|TestSearchForFire] Time:215
2018-10-13 01:25:57,170 [DEBUG|FireBrigade/1962675462|TestBuildingDetector] I has been allocated!
2018-10-13 01:25:58,270 [DEBUG|FireBrigade/1962675462|TestBuildingDetector] Time:216
2018-10-13 01:25:58,270 [DEBUG|FireBrigade/1962675462|TestSearchForFire] Time:216
2018-10-13 01:25:58,270 [DEBUG|FireBrigade/1962675462|TestBuildingDetector] I has been allocated!
2018-10-13 01:25:59,378 [DEBUG|FireBrigade/1962675462|TestBuildingDetector] Time:217
2018-10-13 01:25:59,378 [DEBUG|FireBrigade/1962675462|TestSearchForFire] Time:217
2018-10-13 01:25:59,378 [DEBUG|FireBrigade/1962675462|TestBuildingDetector] I has been allocated!
2018-10-13 01:26:00,482 [DEBUG|FireBrigade/1962675462|TestBuildingDetector] Time:218
2018-10-13 01:26:00,482 [DEBUG|FireBrigade/1962675462|TestSearchForFire] Time:218
2018-10-13 01:26:00,482 [DEBUG|FireBrigade/1962675462|TestBuildingDetector] I has been allocated!
2018-10-13 01:26:01,594 [DEBUG|FireBrigade/1962675462|TestBuildingDetector] Time:219
2018-10-13 01:26:01,594 [DEBUG|FireBrigade/1962675462|TestSearchForFire] Time:219
2018-10-13 01:26:01,594 [DEBUG|FireBrigade/1962675462|TestBuildingDetector] I has been allocated!
2018-10-13 01:26:02,694 [DEBUG|FireBrigade/1962675462|TestBuildingDetector] Time:220
2018-10-13 01:26:02,694 [DEBUG|FireBrigade/1962675462|TestSearchForFire] Time:220
2018-10-13 01:26:02,694 [DEBUG|FireBrigade/1962675462|TestBuildingDetector] I has been allocated!
2018-10-13 01:26:03,794 [DEBUG|FireBrigade/1962675462|TestBuildingDetector] Time:221
2018-10-13 01:26:03,794 [DEBUG|FireBrigade/1962675462|TestSearchForFire] Time:221
2018-10-13 01:26:03,794 [DEBUG|FireBrigade/1962675462|TestBuildingDetector] I has been allocated!
2018-10-13 01:26:04,912 [DEBUG|FireBrigade/1962675462|TestBuildingDetector] Time:222
2018-10-13 01:26:04,912 [DEBUG|FireBrigade/1962675462|TestSearchForFire] Time:222
2018-10-13 01:26:04,912 [DEBUG|FireBrigade/1962675462|TestBuildingDetector] I has been allocated!
2018-10-13 01:26:06,014 [DEBUG|FireBrigade/1962675462|TestBuildingDetector] Time:223
2018-10-13 01:26:06,014 [DEBUG|FireBrigade/1962675462|TestSearchForFire] Time:223
2018-10-13 01:26:06,015 [DEBUG|FireBrigade/1962675462|TestBuildingDetector] I has been allocated!
2018-10-13 01:26:07,110 [DEBUG|FireBrigade/1962675462|TestBuildingDetector] Time:224
2018-10-13 01:26:07,110 [DEBUG|FireBrigade/1962675462|TestSearchForFire] Time:224
2018-10-13 01:26:07,110 [DEBUG|FireBrigade/1962675462|TestBuildingDetector] I has been allocated!
2018-10-13 01:26:08,210 [DEBUG|FireBrigade/1962675462|TestBuildingDetector] Time:225
2018-10-13 01:26:08,211 [DEBUG|FireBrigade/1962675462|TestSearchForFire] Time:225
2018-10-13 01:26:08,211 [DEBUG|FireBrigade/1962675462|TestBuildingDetector] I has been allocated!
2018-10-13 01:26:09,314 [DEBUG|FireBrigade/1962675462|TestBuildingDetector] Time:226
2018-10-13 01:26:09,314 [DEBUG|FireBrigade/1962675462|TestSearchForFire] Time:226
2018-10-13 01:26:09,314 [DEBUG|FireBrigade/1962675462|TestBuildingDetector] I has been allocated!
2018-10-13 01:26:10,422 [DEBUG|FireBrigade/1962675462|TestBuildingDetector] Time:227
2018-10-13 01:26:10,422 [DEBUG|FireBrigade/1962675462|TestSearchForFire] Time:227
2018-10-13 01:26:10,422 [DEBUG|FireBrigade/1962675462|TestBuildingDetector] I has been allocated!
2018-10-13 01:26:11,526 [DEBUG|FireBrigade/1962675462|TestBuildingDetector] Time:228
2018-10-13 01:26:11,526 [DEBUG|FireBrigade/1962675462|TestSearchForFire] Time:228
2018-10-13 01:26:11,526 [DEBUG|FireBrigade/1962675462|TestBuildingDetector] I has been allocated!
2018-10-13 01:26:12,630 [DEBUG|FireBrigade/1962675462|TestBuildingDetector] Time:229
2018-10-13 01:26:12,630 [DEBUG|FireBrigade/1962675462|TestSearchForFire] Time:229
2018-10-13 01:26:12,630 [DEBUG|FireBrigade/1962675462|TestBuildingDetector] I has been allocated!
2018-10-13 01:26:13,734 [DEBUG|FireBrigade/1962675462|TestBuildingDetector] Time:230
2018-10-13 01:26:13,734 [DEBUG|FireBrigade/1962675462|TestSearchForFire] Time:230
2018-10-13 01:26:13,734 [DEBUG|FireBrigade/1962675462|TestBuildingDetector] I has been allocated!
2018-10-13 01:26:14,843 [DEBUG|FireBrigade/1962675462|TestBuildingDetector] Time:231
2018-10-13 01:26:14,843 [DEBUG|FireBrigade/1962675462|TestSearchForFire] Time:231
2018-10-13 01:26:14,843 [DEBUG|FireBrigade/1962675462|TestBuildingDetector] I has been allocated!
2018-10-13 01:26:15,942 [DEBUG|FireBrigade/1962675462|TestBuildingDetector] Time:232
2018-10-13 01:26:15,942 [DEBUG|FireBrigade/1962675462|TestSearchForFire] Time:232
2018-10-13 01:26:15,942 [DEBUG|FireBrigade/1962675462|TestBuildingDetector] I has been allocated!
2018-10-13 01:26:17,042 [DEBUG|FireBrigade/1962675462|TestBuildingDetector] Time:233
2018-10-13 01:26:17,042 [DEBUG|FireBrigade/1962675462|TestSearchForFire] Time:233
2018-10-13 01:26:17,042 [DEBUG|FireBrigade/1962675462|TestBuildingDetector] I has been allocated!
2018-10-13 01:26:18,153 [DEBUG|FireBrigade/1962675462|TestBuildingDetector] Time:234
2018-10-13 01:26:18,153 [DEBUG|FireBrigade/1962675462|TestSearchForFire] Time:234
2018-10-13 01:26:18,153 [DEBUG|FireBrigade/1962675462|TestBuildingDetector] I has been allocated!
2018-10-13 01:26:19,250 [DEBUG|FireBrigade/1962675462|TestBuildingDetector] Time:235
2018-10-13 01:26:19,250 [DEBUG|FireBrigade/1962675462|TestSearchForFire] Time:235
2018-10-13 01:26:19,250 [DEBUG|FireBrigade/1962675462|TestBuildingDetector] I has been allocated!
2018-10-13 01:26:20,351 [DEBUG|FireBrigade/1962675462|TestBuildingDetector] Time:236
2018-10-13 01:26:20,352 [DEBUG|FireBrigade/1962675462|TestSearchForFire] Time:236
2018-10-13 01:26:20,352 [DEBUG|FireBrigade/1962675462|TestBuildingDetector] I has been allocated!
2018-10-13 01:26:21,455 [DEBUG|FireBrigade/1962675462|TestBuildingDetector] Time:237
2018-10-13 01:26:21,455 [DEBUG|FireBrigade/1962675462|TestSearchForFire] Time:237
2018-10-13 01:26:21,455 [DEBUG|FireBrigade/1962675462|TestBuildingDetector] I has been allocated!
2018-10-13 01:26:22,626 [DEBUG|FireBrigade/1962675462|TestBuildingDetector] Time:238
2018-10-13 01:26:22,626 [DEBUG|FireBrigade/1962675462|TestSearchForFire] Time:238
2018-10-13 01:26:22,626 [DEBUG|FireBrigade/1962675462|TestBuildingDetector] I has been allocated!
2018-10-13 01:26:23,734 [DEBUG|FireBrigade/1962675462|TestBuildingDetector] Time:239
2018-10-13 01:26:23,735 [DEBUG|FireBrigade/1962675462|TestSearchForFire] Time:239
2018-10-13 01:26:23,735 [DEBUG|FireBrigade/1962675462|TestBuildingDetector] I has been allocated!
2018-10-13 01:26:24,842 [DEBUG|FireBrigade/1962675462|TestBuildingDetector] Time:240
2018-10-13 01:26:24,842 [DEBUG|FireBrigade/1962675462|TestSearchForFire] Time:240
2018-10-13 01:26:24,842 [DEBUG|FireBrigade/1962675462|TestBuildingDetector] I has been allocated!
2018-10-13 01:26:25,938 [DEBUG|FireBrigade/1962675462|TestBuildingDetector] Time:241
2018-10-13 01:26:25,938 [DEBUG|FireBrigade/1962675462|TestSearchForFire] Time:241
2018-10-13 01:26:25,938 [DEBUG|FireBrigade/1962675462|TestBuildingDetector] I has been allocated!
2018-10-13 01:26:27,042 [DEBUG|FireBrigade/1962675462|TestBuildingDetector] Time:242
2018-10-13 01:26:27,043 [DEBUG|FireBrigade/1962675462|TestSearchForFire] Time:242
2018-10-13 01:26:27,043 [DEBUG|FireBrigade/1962675462|TestBuildingDetector] I has been allocated!
2018-10-13 01:26:28,156 [DEBUG|FireBrigade/1962675462|TestBuildingDetector] Time:243
2018-10-13 01:26:28,157 [DEBUG|FireBrigade/1962675462|TestSearchForFire] Time:243
2018-10-13 01:26:28,157 [DEBUG|FireBrigade/1962675462|TestBuildingDetector] I has been allocated!
2018-10-13 01:26:29,254 [DEBUG|FireBrigade/1962675462|TestBuildingDetector] Time:244
2018-10-13 01:26:29,254 [DEBUG|FireBrigade/1962675462|TestSearchForFire] Time:244
2018-10-13 01:26:29,254 [DEBUG|FireBrigade/1962675462|TestBuildingDetector] I has been allocated!
2018-10-13 01:26:30,358 [DEBUG|FireBrigade/1962675462|TestBuildingDetector] Time:245
2018-10-13 01:26:30,358 [DEBUG|FireBrigade/1962675462|TestSearchForFire] Time:245
2018-10-13 01:26:30,358 [DEBUG|FireBrigade/1962675462|TestBuildingDetector] I has been allocated!
2018-10-13 01:26:31,474 [DEBUG|FireBrigade/1962675462|TestBuildingDetector] Time:246
2018-10-13 01:26:31,474 [DEBUG|FireBrigade/1962675462|TestSearchForFire] Time:246
2018-10-13 01:26:31,474 [DEBUG|FireBrigade/1962675462|TestBuildingDetector] I has been allocated!
2018-10-13 01:26:32,578 [DEBUG|FireBrigade/1962675462|TestBuildingDetector] Time:247
2018-10-13 01:26:32,578 [DEBUG|FireBrigade/1962675462|TestSearchForFire] Time:247
2018-10-13 01:26:32,578 [DEBUG|FireBrigade/1962675462|TestBuildingDetector] I has been allocated!
2018-10-13 01:26:33,670 [DEBUG|FireBrigade/1962675462|TestBuildingDetector] Time:248
2018-10-13 01:26:33,671 [DEBUG|FireBrigade/1962675462|TestSearchForFire] Time:248
2018-10-13 01:26:33,671 [DEBUG|FireBrigade/1962675462|TestBuildingDetector] I has been allocated!
2018-10-13 01:26:34,774 [DEBUG|FireBrigade/1962675462|TestBuildingDetector] Time:249
2018-10-13 01:26:34,774 [DEBUG|FireBrigade/1962675462|TestSearchForFire] Time:249
2018-10-13 01:26:34,774 [DEBUG|FireBrigade/1962675462|TestBuildingDetector] I has been allocated!
2018-10-13 01:26:35,878 [DEBUG|FireBrigade/1962675462|TestBuildingDetector] Time:250
2018-10-13 01:26:35,878 [DEBUG|FireBrigade/1962675462|TestSearchForFire] Time:250
2018-10-13 01:26:35,878 [DEBUG|FireBrigade/1962675462|TestBuildingDetector] I has been allocated!
2018-10-13 01:26:37,410 [DEBUG|FireBrigade/1962675462|TestBuildingDetector] Time:251
2018-10-13 01:26:37,411 [DEBUG|FireBrigade/1962675462|TestSearchForFire] Time:251
2018-10-13 01:26:37,411 [DEBUG|FireBrigade/1962675462|TestBuildingDetector] I has been allocated!
2018-10-13 01:26:38,514 [DEBUG|FireBrigade/1962675462|TestBuildingDetector] Time:252
2018-10-13 01:26:38,514 [DEBUG|FireBrigade/1962675462|TestSearchForFire] Time:252
2018-10-13 01:26:38,514 [DEBUG|FireBrigade/1962675462|TestBuildingDetector] I has been allocated!
2018-10-13 01:26:39,614 [DEBUG|FireBrigade/1962675462|TestBuildingDetector] Time:253
2018-10-13 01:26:39,614 [DEBUG|FireBrigade/1962675462|TestSearchForFire] Time:253
2018-10-13 01:26:39,615 [DEBUG|FireBrigade/1962675462|TestBuildingDetector] I has been allocated!
2018-10-13 01:26:40,730 [DEBUG|FireBrigade/1962675462|TestBuildingDetector] Time:254
2018-10-13 01:26:40,730 [DEBUG|FireBrigade/1962675462|TestSearchForFire] Time:254
2018-10-13 01:26:40,730 [DEBUG|FireBrigade/1962675462|TestBuildingDetector] I has been allocated!
2018-10-13 01:26:41,838 [DEBUG|FireBrigade/1962675462|TestBuildingDetector] Time:255
2018-10-13 01:26:41,838 [DEBUG|FireBrigade/1962675462|TestSearchForFire] Time:255
2018-10-13 01:26:41,839 [DEBUG|FireBrigade/1962675462|TestBuildingDetector] I has been allocated!
2018-10-13 01:26:42,942 [DEBUG|FireBrigade/1962675462|TestBuildingDetector] Time:256
2018-10-13 01:26:42,943 [DEBUG|FireBrigade/1962675462|TestSearchForFire] Time:256
2018-10-13 01:26:42,943 [DEBUG|FireBrigade/1962675462|TestBuildingDetector] I has been allocated!
2018-10-13 01:26:44,058 [DEBUG|FireBrigade/1962675462|TestBuildingDetector] Time:257
2018-10-13 01:26:44,058 [DEBUG|FireBrigade/1962675462|TestSearchForFire] Time:257
2018-10-13 01:26:44,058 [DEBUG|FireBrigade/1962675462|TestBuildingDetector] I has been allocated!
2018-10-13 01:26:45,162 [DEBUG|FireBrigade/1962675462|TestBuildingDetector] Time:258
2018-10-13 01:26:45,162 [DEBUG|FireBrigade/1962675462|TestSearchForFire] Time:258
2018-10-13 01:26:45,162 [DEBUG|FireBrigade/1962675462|TestBuildingDetector] I has been allocated!
2018-10-13 01:26:46,282 [DEBUG|FireBrigade/1962675462|TestBuildingDetector] Time:259
2018-10-13 01:26:46,282 [DEBUG|FireBrigade/1962675462|TestSearchForFire] Time:259
2018-10-13 01:26:46,283 [DEBUG|FireBrigade/1962675462|TestBuildingDetector] I has been allocated!
2018-10-13 01:26:47,382 [DEBUG|FireBrigade/1962675462|TestBuildingDetector] Time:260
2018-10-13 01:26:47,383 [DEBUG|FireBrigade/1962675462|TestSearchForFire] Time:260
2018-10-13 01:26:47,383 [DEBUG|FireBrigade/1962675462|TestBuildingDetector] I has been allocated!
2018-10-13 01:26:48,486 [DEBUG|FireBrigade/1962675462|TestBuildingDetector] Time:261
2018-10-13 01:26:48,486 [DEBUG|FireBrigade/1962675462|TestSearchForFire] Time:261
2018-10-13 01:26:48,486 [DEBUG|FireBrigade/1962675462|TestBuildingDetector] I has been allocated!
2018-10-13 01:26:49,582 [DEBUG|FireBrigade/1962675462|TestBuildingDetector] Time:262
2018-10-13 01:26:49,582 [DEBUG|FireBrigade/1962675462|TestSearchForFire] Time:262
2018-10-13 01:26:49,583 [DEBUG|FireBrigade/1962675462|TestBuildingDetector] I has been allocated!
2018-10-13 01:26:50,690 [DEBUG|FireBrigade/1962675462|TestBuildingDetector] Time:263
2018-10-13 01:26:50,690 [DEBUG|FireBrigade/1962675462|TestSearchForFire] Time:263
2018-10-13 01:26:50,690 [DEBUG|FireBrigade/1962675462|TestBuildingDetector] I has been allocated!
2018-10-13 01:26:51,786 [DEBUG|FireBrigade/1962675462|TestBuildingDetector] Time:264
2018-10-13 01:26:51,786 [DEBUG|FireBrigade/1962675462|TestSearchForFire] Time:264
2018-10-13 01:26:51,787 [DEBUG|FireBrigade/1962675462|TestBuildingDetector] I has been allocated!
2018-10-13 01:26:52,890 [DEBUG|FireBrigade/1962675462|TestBuildingDetector] Time:265
2018-10-13 01:26:52,890 [DEBUG|FireBrigade/1962675462|TestSearchForFire] Time:265
2018-10-13 01:26:52,890 [DEBUG|FireBrigade/1962675462|TestBuildingDetector] I has been allocated!
2018-10-13 01:26:53,994 [DEBUG|FireBrigade/1962675462|TestBuildingDetector] Time:266
2018-10-13 01:26:53,995 [DEBUG|FireBrigade/1962675462|TestSearchForFire] Time:266
2018-10-13 01:26:53,995 [DEBUG|FireBrigade/1962675462|TestBuildingDetector] I has been allocated!
2018-10-13 01:26:55,098 [DEBUG|FireBrigade/1962675462|TestBuildingDetector] Time:267
2018-10-13 01:26:55,098 [DEBUG|FireBrigade/1962675462|TestSearchForFire] Time:267
2018-10-13 01:26:55,099 [DEBUG|FireBrigade/1962675462|TestBuildingDetector] I has been allocated!
2018-10-13 01:26:56,194 [DEBUG|FireBrigade/1962675462|TestBuildingDetector] Time:268
2018-10-13 01:26:56,194 [DEBUG|FireBrigade/1962675462|TestSearchForFire] Time:268
2018-10-13 01:26:56,194 [DEBUG|FireBrigade/1962675462|TestBuildingDetector] I has been allocated!
2018-10-13 01:26:57,290 [DEBUG|FireBrigade/1962675462|TestBuildingDetector] Time:269
2018-10-13 01:26:57,290 [DEBUG|FireBrigade/1962675462|TestSearchForFire] Time:269
2018-10-13 01:26:57,290 [DEBUG|FireBrigade/1962675462|TestBuildingDetector] I has been allocated!
2018-10-13 01:26:58,394 [DEBUG|FireBrigade/1962675462|TestBuildingDetector] Time:270
2018-10-13 01:26:58,394 [DEBUG|FireBrigade/1962675462|TestSearchForFire] Time:270
2018-10-13 01:26:58,394 [DEBUG|FireBrigade/1962675462|TestBuildingDetector] I has been allocated!
2018-10-13 01:26:59,502 [DEBUG|FireBrigade/1962675462|TestBuildingDetector] Time:271
2018-10-13 01:26:59,502 [DEBUG|FireBrigade/1962675462|TestSearchForFire] Time:271
2018-10-13 01:26:59,502 [DEBUG|FireBrigade/1962675462|TestBuildingDetector] I has been allocated!
2018-10-13 01:27:00,602 [DEBUG|FireBrigade/1962675462|TestBuildingDetector] Time:272
2018-10-13 01:27:00,602 [DEBUG|FireBrigade/1962675462|TestSearchForFire] Time:272
2018-10-13 01:27:00,602 [DEBUG|FireBrigade/1962675462|TestBuildingDetector] I has been allocated!
2018-10-13 01:27:01,710 [DEBUG|FireBrigade/1962675462|TestBuildingDetector] Time:273
2018-10-13 01:27:01,710 [DEBUG|FireBrigade/1962675462|TestSearchForFire] Time:273
2018-10-13 01:27:01,710 [DEBUG|FireBrigade/1962675462|TestBuildingDetector] I has been allocated!
2018-10-13 01:27:02,806 [DEBUG|FireBrigade/1962675462|TestBuildingDetector] Time:274
2018-10-13 01:27:02,806 [DEBUG|FireBrigade/1962675462|TestSearchForFire] Time:274
2018-10-13 01:27:02,806 [DEBUG|FireBrigade/1962675462|TestBuildingDetector] I has been allocated!
2018-10-13 01:27:03,915 [DEBUG|FireBrigade/1962675462|TestBuildingDetector] Time:275
2018-10-13 01:27:03,915 [DEBUG|FireBrigade/1962675462|TestSearchForFire] Time:275
2018-10-13 01:27:03,915 [DEBUG|FireBrigade/1962675462|TestBuildingDetector] I has been allocated!
2018-10-13 01:27:05,010 [DEBUG|FireBrigade/1962675462|TestBuildingDetector] Time:276
2018-10-13 01:27:05,010 [DEBUG|FireBrigade/1962675462|TestSearchForFire] Time:276
2018-10-13 01:27:05,010 [DEBUG|FireBrigade/1962675462|TestBuildingDetector] I has been allocated!
2018-10-13 01:27:06,114 [DEBUG|FireBrigade/1962675462|TestBuildingDetector] Time:277
2018-10-13 01:27:06,116 [DEBUG|FireBrigade/1962675462|TestSearchForFire] Time:277
2018-10-13 01:27:06,117 [DEBUG|FireBrigade/1962675462|TestBuildingDetector] I has been allocated!
2018-10-13 01:27:07,211 [DEBUG|FireBrigade/1962675462|TestBuildingDetector] Time:278
2018-10-13 01:27:07,211 [DEBUG|FireBrigade/1962675462|TestSearchForFire] Time:278
2018-10-13 01:27:07,212 [DEBUG|FireBrigade/1962675462|TestBuildingDetector] I has been allocated!
2018-10-13 01:27:08,326 [DEBUG|FireBrigade/1962675462|TestBuildingDetector] Time:279
2018-10-13 01:27:08,326 [DEBUG|FireBrigade/1962675462|TestSearchForFire] Time:279
2018-10-13 01:27:08,327 [DEBUG|FireBrigade/1962675462|TestBuildingDetector] I has been allocated!
2018-10-13 01:27:09,426 [DEBUG|FireBrigade/1962675462|TestBuildingDetector] Time:280
2018-10-13 01:27:09,426 [DEBUG|FireBrigade/1962675462|TestSearchForFire] Time:280
2018-10-13 01:27:09,426 [DEBUG|FireBrigade/1962675462|TestBuildingDetector] I has been allocated!
2018-10-13 01:27:10,522 [DEBUG|FireBrigade/1962675462|TestBuildingDetector] Time:281
2018-10-13 01:27:10,522 [DEBUG|FireBrigade/1962675462|TestSearchForFire] Time:281
2018-10-13 01:27:10,523 [DEBUG|FireBrigade/1962675462|TestBuildingDetector] I has been allocated!
2018-10-13 01:27:11,643 [DEBUG|FireBrigade/1962675462|TestBuildingDetector] Time:282
2018-10-13 01:27:11,644 [DEBUG|FireBrigade/1962675462|TestSearchForFire] Time:282
2018-10-13 01:27:11,644 [DEBUG|FireBrigade/1962675462|TestBuildingDetector] I has been allocated!
2018-10-13 01:27:12,746 [DEBUG|FireBrigade/1962675462|TestBuildingDetector] Time:283
2018-10-13 01:27:12,746 [DEBUG|FireBrigade/1962675462|TestSearchForFire] Time:283
2018-10-13 01:27:12,746 [DEBUG|FireBrigade/1962675462|TestBuildingDetector] I has been allocated!
2018-10-13 01:27:13,838 [DEBUG|FireBrigade/1962675462|TestBuildingDetector] Time:284
2018-10-13 01:27:13,838 [DEBUG|FireBrigade/1962675462|TestSearchForFire] Time:284
2018-10-13 01:27:13,838 [DEBUG|FireBrigade/1962675462|TestBuildingDetector] I has been allocated!
2018-10-13 01:27:14,938 [DEBUG|FireBrigade/1962675462|TestBuildingDetector] Time:285
2018-10-13 01:27:14,938 [DEBUG|FireBrigade/1962675462|TestSearchForFire] Time:285
2018-10-13 01:27:14,938 [DEBUG|FireBrigade/1962675462|TestBuildingDetector] I has been allocated!
2018-10-13 01:27:16,042 [DEBUG|FireBrigade/1962675462|TestBuildingDetector] Time:286
2018-10-13 01:27:16,042 [DEBUG|FireBrigade/1962675462|TestSearchForFire] Time:286
2018-10-13 01:27:16,042 [DEBUG|FireBrigade/1962675462|TestBuildingDetector] I has been allocated!
2018-10-13 01:27:17,146 [DEBUG|FireBrigade/1962675462|TestBuildingDetector] Time:287
2018-10-13 01:27:17,146 [DEBUG|FireBrigade/1962675462|TestSearchForFire] Time:287
2018-10-13 01:27:17,147 [DEBUG|FireBrigade/1962675462|TestBuildingDetector] I has been allocated!
2018-10-13 01:27:18,250 [DEBUG|FireBrigade/1962675462|TestBuildingDetector] Time:288
2018-10-13 01:27:18,250 [DEBUG|FireBrigade/1962675462|TestSearchForFire] Time:288
2018-10-13 01:27:18,250 [DEBUG|FireBrigade/1962675462|TestBuildingDetector] I has been allocated!
2018-10-13 01:27:19,350 [DEBUG|FireBrigade/1962675462|TestBuildingDetector] Time:289
2018-10-13 01:27:19,350 [DEBUG|FireBrigade/1962675462|TestSearchForFire] Time:289
2018-10-13 01:27:19,350 [DEBUG|FireBrigade/1962675462|TestBuildingDetector] I has been allocated!
2018-10-13 01:27:20,454 [DEBUG|FireBrigade/1962675462|TestBuildingDetector] Time:290
2018-10-13 01:27:20,455 [DEBUG|FireBrigade/1962675462|TestSearchForFire] Time:290
2018-10-13 01:27:20,455 [DEBUG|FireBrigade/1962675462|TestBuildingDetector] I has been allocated!
2018-10-13 01:27:21,562 [DEBUG|FireBrigade/1962675462|TestBuildingDetector] Time:291
2018-10-13 01:27:21,562 [DEBUG|FireBrigade/1962675462|TestSearchForFire] Time:291
2018-10-13 01:27:21,562 [DEBUG|FireBrigade/1962675462|TestBuildingDetector] I has been allocated!
2018-10-13 01:27:22,670 [DEBUG|FireBrigade/1962675462|TestBuildingDetector] Time:292
2018-10-13 01:27:22,670 [DEBUG|FireBrigade/1962675462|TestSearchForFire] Time:292
2018-10-13 01:27:22,670 [DEBUG|FireBrigade/1962675462|TestBuildingDetector] I has been allocated!
2018-10-13 01:27:23,770 [DEBUG|FireBrigade/1962675462|TestBuildingDetector] Time:293
2018-10-13 01:27:23,770 [DEBUG|FireBrigade/1962675462|TestSearchForFire] Time:293
2018-10-13 01:27:23,770 [DEBUG|FireBrigade/1962675462|TestBuildingDetector] I has been allocated!
2018-10-13 01:27:24,867 [DEBUG|FireBrigade/1962675462|TestBuildingDetector] Time:294
2018-10-13 01:27:24,868 [DEBUG|FireBrigade/1962675462|TestSearchForFire] Time:294
2018-10-13 01:27:24,868 [DEBUG|FireBrigade/1962675462|TestBuildingDetector] I has been allocated!
2018-10-13 01:27:25,980 [DEBUG|FireBrigade/1962675462|TestBuildingDetector] Time:295
2018-10-13 01:27:25,980 [DEBUG|FireBrigade/1962675462|TestSearchForFire] Time:295
2018-10-13 01:27:25,980 [DEBUG|FireBrigade/1962675462|TestBuildingDetector] I has been allocated!
2018-10-13 01:27:27,086 [DEBUG|FireBrigade/1962675462|TestBuildingDetector] Time:296
2018-10-13 01:27:27,086 [DEBUG|FireBrigade/1962675462|TestSearchForFire] Time:296
2018-10-13 01:27:27,087 [DEBUG|FireBrigade/1962675462|TestBuildingDetector] I has been allocated!
2018-10-13 01:27:28,182 [DEBUG|FireBrigade/1962675462|TestBuildingDetector] Time:297
2018-10-13 01:27:28,182 [DEBUG|FireBrigade/1962675462|TestSearchForFire] Time:297
2018-10-13 01:27:28,182 [DEBUG|FireBrigade/1962675462|TestBuildingDetector] I has been allocated!
2018-10-13 01:27:29,294 [DEBUG|FireBrigade/1962675462|TestBuildingDetector] Time:298
2018-10-13 01:27:29,294 [DEBUG|FireBrigade/1962675462|TestSearchForFire] Time:298
2018-10-13 01:27:29,294 [DEBUG|FireBrigade/1962675462|TestBuildingDetector] I has been allocated!
2018-10-13 01:27:30,400 [DEBUG|FireBrigade/1962675462|TestBuildingDetector] Time:299
2018-10-13 01:27:30,400 [DEBUG|FireBrigade/1962675462|TestSearchForFire] Time:299
2018-10-13 01:27:30,400 [DEBUG|FireBrigade/1962675462|TestBuildingDetector] I has been allocated!
2018-10-13 01:27:31,498 [DEBUG|FireBrigade/1962675462|TestBuildingDetector] Time:300
2018-10-13 01:27:31,498 [DEBUG|FireBrigade/1962675462|TestSearchForFire] Time:300
2018-10-13 01:27:31,498 [DEBUG|FireBrigade/1962675462|TestBuildingDetector] I has been allocated!
